[35m[Appium][39m Welcome to Appium v1.22.3
[35m[Appium][39m Non-default server args:
[35m[Appium][39m   port: 59906
[35m[Appium][39m   loglevel: info
[35m[Appium][39m   tmpDir: C:\Users\CIkal\AppData\Local\Temp\\Katalon\Appium\Temp1707839691857
[35m[Appium][39m   chromedriverPort: 59908
[35m[Appium][39m Deprecated server args:
[35m[Appium][39m   [31m--chromedriver-port[39m => --default-capabilities
[35m[Appium][39m Default capabilities, which will be added to each request unless overridden by desired capabilities:
[35m[Appium][39m   chromedriverPort: 59908
[35m[Appium][39m Appium REST http interface listener started on 0.0.0.0:59906
[35m[HTTP][39m [37m-->[39m [37mGET[39m [37m/wd/hub/status[39m
[35m[HTTP][39m [90m{}[39m
[35m[HTTP][39m [37m<-- GET /wd/hub/status [39m[32m200[39m [90m12 ms - 68[39m
[35m[HTTP][39m [90m[39m
[35m[HTTP][39m [37m-->[39m [37mPOST[39m [37m/wd/hub/session[39m
[35m[HTTP][39m [90m{"desiredCapabilities":{"app":"D:\\BFLP\\Bootcamp\\Materi\\Advantage+demo+3.2.apk","noReset":false,"deviceName":"emulator-5554 (Android SDK built for x86 - Android 11)","fullReset":true,"platform":"ANDROID","newCommandTimeout":1800,"platformVersion":"11","automationName":"uiautomator2","autoGrantPermissions":true,"platformName":"Android","udid":"emulator-5554","systemPort":59905},"capabilities":{"firstMatch":[{"appium:app":"D:\\BFLP\\Bootcamp\\Materi\\Advantage+demo+3.2.apk","appium:autoGrantPermissions":true,"appium:automationName":"uiautomator2","appium:deviceName":"emulator-5554 (Android SDK built for x86 - Android 11)","appium:fullReset":true,"appium:newCommandTimeout":1800,"appium:noReset":false,"platform":"ANDROID","platformName":"android","appium:platformVersion":"11","appium:systemPort":59905,"appium:udid":"emulator-5554"}]}}[39m
[35m[BaseDriver][39m The following capabilities are not standard capabilities and should have an extension prefix:
[35m[BaseDriver][39m   platform
[35m[BaseDriver][39m   chromedriverPort
[35m[Appium][39m Appium v1.22.3 creating new AndroidUiautomator2Driver (v1.70.1) session
[35m[BaseDriver][39m The following capabilities were provided, but are not recognized by Appium:
[35m[BaseDriver][39m   platform
[35m[BaseDriver][39m Session created with session id: caee0739-e393-4e82-b2a4-f6859700e364
[35m[BaseDriver][39m Using local app 'D:\BFLP\Bootcamp\Materi\Advantage+demo+3.2.apk'
[35m[ADB][39m Found 1 'build-tools' folders under 'C:\Users\CIkal\.katalon\tools\android_sdk' (newest first):
[35m[ADB][39m     C:/Users/CIkal/.katalon/tools/android_sdk/build-tools/29.0.3
[35m[ADB][39m Using 'adb.exe' from 'C:\Users\CIkal\.katalon\tools\android_sdk\platform-tools\adb.exe'
[35m[AndroidDriver][39m Retrieving device list
[35m[AndroidDriver][39m Using device: emulator-5554
[35m[ADB][39m Using 'adb.exe' from 'C:\Users\CIkal\.katalon\tools\android_sdk\platform-tools\adb.exe'
[35m[ADB][39m Getting device platform version
[35m[UiAutomator2][39m Relaxing hidden api policy
[35m[ADB][39m Package name: 'com.Advantage.aShopping'
[35m[ADB][39m Main activity name: 'com.Advantage.aShopping.SplashActivity'
[35m[ADB][39m Using 'apksigner.jar' from 'C:\Users\CIkal\.katalon\tools\android_sdk\build-tools\29.0.3\lib\apksigner.jar'
[35m[ADB][39m 'C:\Users\CIkal\AppData\Roaming\npm\node_modules\appium\node_modules\appium-uiautomator2-server\apks\appium-uiautomator2-server-v4.27.0.apk' is signed with the default certificate
[35m[ADB][39m 'C:\Users\CIkal\AppData\Roaming\npm\node_modules\appium\node_modules\appium-uiautomator2-server\apks\appium-uiautomator2-server-debug-androidTest.apk' is signed with the default certificate
[35m[UiAutomator2][39m Server packages are not going to be (re)installed
[35m[ADB][39m Adding packages ["io.appium.settings","io.appium.uiautomator2.server","io.appium.uiautomator2.server.test"] to Doze whitelist
[35m[ADB][39m 'D:\BFLP\Bootcamp\Materi\Advantage+demo+3.2.apk' is signed with a non-default certificate
[35m[ADB][39m com.Advantage.aShopping was not uninstalled, because it was not present on the device
[35m[ADB][39m The application at 'D:\BFLP\Bootcamp\Materi\Advantage+demo+3.2.apk' will not be cached, because the device under test has confirmed the support of streamed installs
[35m[ADB][39m The installation of 'Advantage+demo+3.2.apk' took 709ms
[35m[UiAutomator2][39m Starting UIAutomator2 server 4.27.0
[35m[UiAutomator2][39m Using UIAutomator2 server from 'C:\Users\CIkal\AppData\Roaming\npm\node_modules\appium\node_modules\appium-uiautomator2-server\apks\appium-uiautomator2-server-v4.27.0.apk' and test from 'C:\Users\CIkal\AppData\Roaming\npm\node_modules\appium\node_modules\appium-uiautomator2-server\apks\appium-uiautomator2-server-debug-androidTest.apk'
[35m[UiAutomator2][39m Waiting up to 30000ms for UiAutomator2 to be online...
[35m[WD Proxy][39m socket hang up
[35m[WD Proxy][39m socket hang up
[35m[WD Proxy][39m socket hang up
[35m[WD Proxy][39m socket hang up
[35m[WD Proxy][39m socket hang up
[35m[WD Proxy][39m Determined the downstream protocol as 'W3C'
[35m[AndroidDriver][39m Screen already unlocked, doing nothing
[35m[UiAutomator2][39m Starting 'com.Advantage.aShopping/com.Advantage.aShopping.SplashActivity and waiting for 'com.Advantage.aShopping/com.Advantage.aShopping.SplashActivity'
[35m[Appium][39m New AndroidUiautomator2Driver session created successfully, session caee0739-e393-4e82-b2a4-f6859700e364 added to master session list
[35m[HTTP][39m [37m<-- POST /wd/hub/session [39m[32m200[39m [90m21679 ms - 1310[39m
[35m[HTTP][39m [90m[39m
[35m[HTTP][39m [37m-->[39m [37mGET[39m [37m/wd/hub/session/caee0739-e393-4e82-b2a4-f6859700e364[39m
[35m[HTTP][39m [90m{}[39m
[35m[HTTP][39m [37m<-- GET /wd/hub/session/caee0739-e393-4e82-b2a4-f6859700e364 [39m[32m200[39m [90m179 ms - 1264[39m
[35m[HTTP][39m [90m[39m
[35m[HTTP][39m [37m-->[39m [37mGET[39m [37m/wd/hub/session/caee0739-e393-4e82-b2a4-f6859700e364[39m
[35m[HTTP][39m [90m{}[39m
[35m[HTTP][39m [37m<-- GET /wd/hub/session/caee0739-e393-4e82-b2a4-f6859700e364 [39m[32m200[39m [90m83 ms - 1264[39m
[35m[HTTP][39m [90m[39m
[35m[HTTP][39m [37m-->[39m [37mGET[39m [37m/wd/hub/status[39m
[35m[HTTP][39m [90m{}[39m
[35m[HTTP][39m [37m<-- GET /wd/hub/status [39m[32m200[39m [90m7 ms - 68[39m
[35m[HTTP][39m [90m[39m
[35m[HTTP][39m [37m-->[39m [37mPOST[39m [37m/wd/hub/session/caee0739-e393-4e82-b2a4-f6859700e364/timeouts[39m
[35m[HTTP][39m [90m{"implicit":30000}[39m
[35m[HTTP][39m [37m<-- POST /wd/hub/session/caee0739-e393-4e82-b2a4-f6859700e364/timeouts [39m[32m200[39m [90m14 ms - 14[39m
[35m[HTTP][39m [90m[39m
[35m[HTTP][39m [37m-->[39m [37mGET[39m [37m/wd/hub/session/caee0739-e393-4e82-b2a4-f6859700e364/screenshot[39m
[35m[HTTP][39m [90m{}[39m
[35m[HTTP][39m [37m<-- GET /wd/hub/session/caee0739-e393-4e82-b2a4-f6859700e364/screenshot [39m[32m200[39m [90m7681 ms - 2862954[39m
[35m[HTTP][39m [90m[39m
[35m[HTTP][39m [37m-->[39m [37mGET[39m [37m/wd/hub/session/caee0739-e393-4e82-b2a4-f6859700e364/window/rect[39m
[35m[HTTP][39m [90m{}[39m
[35m[HTTP][39m [37m<-- GET /wd/hub/session/caee0739-e393-4e82-b2a4-f6859700e364/window/rect [39m[32m200[39m [90m70 ms - 50[39m
[35m[HTTP][39m [90m[39m
[35m[HTTP][39m [37m-->[39m [37mGET[39m [37m/wd/hub/session/caee0739-e393-4e82-b2a4-f6859700e364/appium/device/system_bars[39m
[35m[HTTP][39m [90m{}[39m
[35m[HTTP][39m [37m<-- GET /wd/hub/session/caee0739-e393-4e82-b2a4-f6859700e364/appium/device/system_bars [39m[32m200[39m [90m270 ms - 149[39m
[35m[HTTP][39m [90m[39m
[35m[HTTP][39m [37m-->[39m [37mPOST[39m [37m/wd/hub/session/caee0739-e393-4e82-b2a4-f6859700e364/timeouts[39m
[35m[HTTP][39m [90m{"implicit":50}[39m
[35m[HTTP][39m [37m<-- POST /wd/hub/session/caee0739-e393-4e82-b2a4-f6859700e364/timeouts [39m[32m200[39m [90m9 ms - 14[39m
[35m[HTTP][39m [90m[39m
[35m[HTTP][39m [37m-->[39m [37mGET[39m [37m/wd/hub/session/caee0739-e393-4e82-b2a4-f6859700e364/window/rect[39m
[35m[HTTP][39m [90m{}[39m
[35m[HTTP][39m [37m<-- GET /wd/hub/session/caee0739-e393-4e82-b2a4-f6859700e364/window/rect [39m[32m200[39m [90m43 ms - 50[39m
[35m[HTTP][39m [90m[39m
[35m[HTTP][39m [37m-->[39m [37mPOST[39m [37m/wd/hub/session/caee0739-e393-4e82-b2a4-f6859700e364/elements[39m
[35m[HTTP][39m [90m{"using":"xpath","value":"//*[@class = 'android.widget.ImageView' and @resource-id = 'com.Advantage.aShopping:id/imageViewMenu' and (@text = '' or . = '')]"}[39m
[35m[HTTP][39m [37m<-- POST /wd/hub/session/caee0739-e393-4e82-b2a4-f6859700e364/elements [39m[32m200[39m [90m2284 ms - 139[39m
[35m[HTTP][39m [90m[39m
[35m[HTTP][39m [37m-->[39m [37mGET[39m [37m/wd/hub/session/caee0739-e393-4e82-b2a4-f6859700e364/element/00000000-0000-0633-ffff-ffff00000019/location[39m
[35m[HTTP][39m [90m{}[39m
[35m[W3C (caee0739)][39m Driver proxy active, passing request on via HTTP proxy
[35m[WD Proxy][39m Replacing sessionId 85400e4a-380b-4f9a-b335-15e6b9c50474 with caee0739-e393-4e82-b2a4-f6859700e364
[35m[HTTP][39m [37m<-- GET /wd/hub/session/caee0739-e393-4e82-b2a4-f6859700e364/element/00000000-0000-0633-ffff-ffff00000019/location [39m[32m200[39m [90m53 ms - 76[39m
[35m[HTTP][39m [90m[39m
[35m[HTTP][39m [37m-->[39m [37mPOST[39m [37m/wd/hub/session/caee0739-e393-4e82-b2a4-f6859700e364/timeouts[39m
[35m[HTTP][39m [90m{"implicit":30000}[39m
[35m[HTTP][39m [37m<-- POST /wd/hub/session/caee0739-e393-4e82-b2a4-f6859700e364/timeouts [39m[32m200[39m [90m4 ms - 14[39m
[35m[HTTP][39m [90m[39m
[35m[HTTP][39m [37m-->[39m [37mPOST[39m [37m/wd/hub/session/caee0739-e393-4e82-b2a4-f6859700e364/element/00000000-0000-0633-ffff-ffff00000019/click[39m
[35m[HTTP][39m [90m{"id":"00000000-0000-0633-ffff-ffff00000019"}[39m
[35m[HTTP][39m [37m<-- POST /wd/hub/session/caee0739-e393-4e82-b2a4-f6859700e364/element/00000000-0000-0633-ffff-ffff00000019/click [39m[32m200[39m [90m153 ms - 14[39m
[35m[HTTP][39m [90m[39m
[35m[HTTP][39m [37m-->[39m [37mPOST[39m [37m/wd/hub/session/caee0739-e393-4e82-b2a4-f6859700e364/timeouts[39m
[35m[HTTP][39m [90m{"implicit":50}[39m
[35m[HTTP][39m [37m<-- POST /wd/hub/session/caee0739-e393-4e82-b2a4-f6859700e364/timeouts [39m[32m200[39m [90m6 ms - 14[39m
[35m[HTTP][39m [90m[39m
[35m[HTTP][39m [37m-->[39m [37mGET[39m [37m/wd/hub/session/caee0739-e393-4e82-b2a4-f6859700e364/window/rect[39m
[35m[HTTP][39m [90m{}[39m
[35m[HTTP][39m [37m<-- GET /wd/hub/session/caee0739-e393-4e82-b2a4-f6859700e364/window/rect [39m[32m200[39m [90m27 ms - 50[39m
[35m[HTTP][39m [90m[39m
[35m[HTTP][39m [37m-->[39m [37mPOST[39m [37m/wd/hub/session/caee0739-e393-4e82-b2a4-f6859700e364/elements[39m
[35m[HTTP][39m [90m{"using":"xpath","value":"//*[@class = 'android.widget.LinearLayout' and @resource-id = 'com.Advantage.aShopping:id/linearLayoutLogin' and (@text = '' or . = '')]"}[39m
[35m[HTTP][39m [37m<-- POST /wd/hub/session/caee0739-e393-4e82-b2a4-f6859700e364/elements [39m[32m200[39m [90m1490 ms - 139[39m
[35m[HTTP][39m [90m[39m
[35m[HTTP][39m [37m-->[39m [37mGET[39m [37m/wd/hub/session/caee0739-e393-4e82-b2a4-f6859700e364/element/00000000-0000-0633-ffff-ffff0000003b/location[39m
[35m[HTTP][39m [90m{}[39m
[35m[W3C (caee0739)][39m Driver proxy active, passing request on via HTTP proxy
[35m[WD Proxy][39m Replacing sessionId 85400e4a-380b-4f9a-b335-15e6b9c50474 with caee0739-e393-4e82-b2a4-f6859700e364
[35m[HTTP][39m [37m<-- GET /wd/hub/session/caee0739-e393-4e82-b2a4-f6859700e364/element/00000000-0000-0633-ffff-ffff0000003b/location [39m[32m200[39m [90m446 ms - 76[39m
[35m[HTTP][39m [90m[39m
[35m[HTTP][39m [37m-->[39m [37mPOST[39m [37m/wd/hub/session/caee0739-e393-4e82-b2a4-f6859700e364/timeouts[39m
[35m[HTTP][39m [90m{"implicit":30000}[39m
[35m[HTTP][39m [37m<-- POST /wd/hub/session/caee0739-e393-4e82-b2a4-f6859700e364/timeouts [39m[32m200[39m [90m4 ms - 14[39m
[35m[HTTP][39m [90m[39m
[35m[HTTP][39m [37m-->[39m [37mPOST[39m [37m/wd/hub/session/caee0739-e393-4e82-b2a4-f6859700e364/element/00000000-0000-0633-ffff-ffff0000003b/click[39m
[35m[HTTP][39m [90m{"id":"00000000-0000-0633-ffff-ffff0000003b"}[39m
[35m[HTTP][39m [37m<-- POST /wd/hub/session/caee0739-e393-4e82-b2a4-f6859700e364/element/00000000-0000-0633-ffff-ffff0000003b/click [39m[32m200[39m [90m410 ms - 14[39m
[35m[HTTP][39m [90m[39m
[35m[HTTP][39m [37m-->[39m [37mPOST[39m [37m/wd/hub/session/caee0739-e393-4e82-b2a4-f6859700e364/timeouts[39m
[35m[HTTP][39m [90m{"implicit":50}[39m
[35m[HTTP][39m [37m<-- POST /wd/hub/session/caee0739-e393-4e82-b2a4-f6859700e364/timeouts [39m[32m200[39m [90m3 ms - 14[39m
[35m[HTTP][39m [90m[39m
[35m[HTTP][39m [37m-->[39m [37mGET[39m [37m/wd/hub/session/caee0739-e393-4e82-b2a4-f6859700e364/window/rect[39m
[35m[HTTP][39m [90m{}[39m
[35m[HTTP][39m [37m<-- GET /wd/hub/session/caee0739-e393-4e82-b2a4-f6859700e364/window/rect [39m[32m200[39m [90m71 ms - 50[39m
[35m[HTTP][39m [90m[39m
[35m[HTTP][39m [37m-->[39m [37mPOST[39m [37m/wd/hub/session/caee0739-e393-4e82-b2a4-f6859700e364/elements[39m
[35m[HTTP][39m [90m{"using":"xpath","value":"//*[@class = 'android.widget.TextView' and (@text = 'SIGN UP TODAY' or . = 'SIGN UP TODAY') and @resource-id = 'com.Advantage.aShopping:id/textViewSingUpToday']"}[39m
[35m[HTTP][39m [37m<-- POST /wd/hub/session/caee0739-e393-4e82-b2a4-f6859700e364/elements [39m[32m200[39m [90m3332 ms - 12[39m
[35m[HTTP][39m [90m[39m
[35m[HTTP][39m [37m-->[39m [37mPOST[39m [37m/wd/hub/session/caee0739-e393-4e82-b2a4-f6859700e364/elements[39m
[35m[HTTP][39m [90m{"using":"xpath","value":"//*[@class = 'android.widget.TextView' and (@text = 'SIGN UP TODAY' or . = 'SIGN UP TODAY') and @resource-id = 'com.Advantage.aShopping:id/textViewSingUpToday']"}[39m
[35m[HTTP][39m [37m<-- POST /wd/hub/session/caee0739-e393-4e82-b2a4-f6859700e364/elements [39m[32m200[39m [90m436 ms - 139[39m
[35m[HTTP][39m [90m[39m
[35m[HTTP][39m [37m-->[39m [37mGET[39m [37m/wd/hub/session/caee0739-e393-4e82-b2a4-f6859700e364/element/00000000-0000-0634-ffff-ffff00000084/location[39m
[35m[HTTP][39m [90m{}[39m
[35m[W3C (caee0739)][39m Driver proxy active, passing request on via HTTP proxy
[35m[WD Proxy][39m Replacing sessionId 85400e4a-380b-4f9a-b335-15e6b9c50474 with caee0739-e393-4e82-b2a4-f6859700e364
[35m[HTTP][39m [37m<-- GET /wd/hub/session/caee0739-e393-4e82-b2a4-f6859700e364/element/00000000-0000-0634-ffff-ffff00000084/location [39m[32m200[39m [90m73 ms - 79[39m
[35m[HTTP][39m [90m[39m
[35m[HTTP][39m [37m-->[39m [37mPOST[39m [37m/wd/hub/session/caee0739-e393-4e82-b2a4-f6859700e364/elements[39m
[35m[HTTP][39m [90m{"using":"xpath","value":"//*[@class = 'android.widget.TextView' and (@text = 'SIGN UP TODAY' or . = 'SIGN UP TODAY') and @resource-id = 'com.Advantage.aShopping:id/textViewSingUpToday']"}[39m
[35m[HTTP][39m [37m<-- POST /wd/hub/session/caee0739-e393-4e82-b2a4-f6859700e364/elements [39m[32m200[39m [90m297 ms - 139[39m
[35m[HTTP][39m [90m[39m
[35m[HTTP][39m [37m-->[39m [37mGET[39m [37m/wd/hub/session/caee0739-e393-4e82-b2a4-f6859700e364/element/00000000-0000-0634-ffff-ffff00000084/location[39m
[35m[HTTP][39m [90m{}[39m
[35m[W3C (caee0739)][39m Driver proxy active, passing request on via HTTP proxy
[35m[WD Proxy][39m Replacing sessionId 85400e4a-380b-4f9a-b335-15e6b9c50474 with caee0739-e393-4e82-b2a4-f6859700e364
[35m[HTTP][39m [37m<-- GET /wd/hub/session/caee0739-e393-4e82-b2a4-f6859700e364/element/00000000-0000-0634-ffff-ffff00000084/location [39m[32m200[39m [90m72 ms - 79[39m
[35m[HTTP][39m [90m[39m
[35m[HTTP][39m [37m-->[39m [37mPOST[39m [37m/wd/hub/session/caee0739-e393-4e82-b2a4-f6859700e364/elements[39m
[35m[HTTP][39m [90m{"using":"xpath","value":"//*[@class = 'android.widget.TextView' and (@text = 'SIGN UP TODAY' or . = 'SIGN UP TODAY') and @resource-id = 'com.Advantage.aShopping:id/textViewSingUpToday']"}[39m
[35m[HTTP][39m [37m<-- POST /wd/hub/session/caee0739-e393-4e82-b2a4-f6859700e364/elements [39m[32m200[39m [90m434 ms - 139[39m
[35m[HTTP][39m [90m[39m
[35m[HTTP][39m [37m-->[39m [37mGET[39m [37m/wd/hub/session/caee0739-e393-4e82-b2a4-f6859700e364/element/00000000-0000-0634-ffff-ffff00000084/location[39m
[35m[HTTP][39m [90m{}[39m
[35m[W3C (caee0739)][39m Driver proxy active, passing request on via HTTP proxy
[35m[WD Proxy][39m Replacing sessionId 85400e4a-380b-4f9a-b335-15e6b9c50474 with caee0739-e393-4e82-b2a4-f6859700e364
[35m[HTTP][39m [37m<-- GET /wd/hub/session/caee0739-e393-4e82-b2a4-f6859700e364/element/00000000-0000-0634-ffff-ffff00000084/location [39m[32m200[39m [90m82 ms - 79[39m
[35m[HTTP][39m [90m[39m
[35m[HTTP][39m [37m-->[39m [37mPOST[39m [37m/wd/hub/session/caee0739-e393-4e82-b2a4-f6859700e364/elements[39m
[35m[HTTP][39m [90m{"using":"xpath","value":"//*[@class = 'android.widget.TextView' and (@text = 'SIGN UP TODAY' or . = 'SIGN UP TODAY') and @resource-id = 'com.Advantage.aShopping:id/textViewSingUpToday']"}[39m
[35m[HTTP][39m [37m<-- POST /wd/hub/session/caee0739-e393-4e82-b2a4-f6859700e364/elements [39m[32m200[39m [90m296 ms - 139[39m
[35m[HTTP][39m [90m[39m
[35m[HTTP][39m [37m-->[39m [37mGET[39m [37m/wd/hub/session/caee0739-e393-4e82-b2a4-f6859700e364/element/00000000-0000-0634-ffff-ffff00000084/location[39m
[35m[HTTP][39m [90m{}[39m
[35m[W3C (caee0739)][39m Driver proxy active, passing request on via HTTP proxy
[35m[WD Proxy][39m Replacing sessionId 85400e4a-380b-4f9a-b335-15e6b9c50474 with caee0739-e393-4e82-b2a4-f6859700e364
[35m[HTTP][39m [37m<-- GET /wd/hub/session/caee0739-e393-4e82-b2a4-f6859700e364/element/00000000-0000-0634-ffff-ffff00000084/location [39m[32m200[39m [90m61 ms - 79[39m
[35m[HTTP][39m [90m[39m
[35m[HTTP][39m [37m-->[39m [37mPOST[39m [37m/wd/hub/session/caee0739-e393-4e82-b2a4-f6859700e364/elements[39m
[35m[HTTP][39m [90m{"using":"xpath","value":"//*[@class = 'android.widget.TextView' and (@text = 'SIGN UP TODAY' or . = 'SIGN UP TODAY') and @resource-id = 'com.Advantage.aShopping:id/textViewSingUpToday']"}[39m
[35m[HTTP][39m [37m<-- POST /wd/hub/session/caee0739-e393-4e82-b2a4-f6859700e364/elements [39m[32m200[39m [90m241 ms - 139[39m
[35m[HTTP][39m [90m[39m
[35m[HTTP][39m [37m-->[39m [37mGET[39m [37m/wd/hub/session/caee0739-e393-4e82-b2a4-f6859700e364/element/00000000-0000-0634-ffff-ffff00000084/location[39m
[35m[HTTP][39m [90m{}[39m
[35m[W3C (caee0739)][39m Driver proxy active, passing request on via HTTP proxy
[35m[WD Proxy][39m Replacing sessionId 85400e4a-380b-4f9a-b335-15e6b9c50474 with caee0739-e393-4e82-b2a4-f6859700e364
[35m[HTTP][39m [37m<-- GET /wd/hub/session/caee0739-e393-4e82-b2a4-f6859700e364/element/00000000-0000-0634-ffff-ffff00000084/location [39m[32m200[39m [90m46 ms - 79[39m
[35m[HTTP][39m [90m[39m
[35m[HTTP][39m [37m-->[39m [37mPOST[39m [37m/wd/hub/session/caee0739-e393-4e82-b2a4-f6859700e364/elements[39m
[35m[HTTP][39m [90m{"using":"xpath","value":"//*[@class = 'android.widget.TextView' and (@text = 'SIGN UP TODAY' or . = 'SIGN UP TODAY') and @resource-id = 'com.Advantage.aShopping:id/textViewSingUpToday']"}[39m
[35m[HTTP][39m [37m<-- POST /wd/hub/session/caee0739-e393-4e82-b2a4-f6859700e364/elements [39m[32m200[39m [90m236 ms - 139[39m
[35m[HTTP][39m [90m[39m
[35m[HTTP][39m [37m-->[39m [37mGET[39m [37m/wd/hub/session/caee0739-e393-4e82-b2a4-f6859700e364/element/00000000-0000-0634-ffff-ffff00000084/location[39m
[35m[HTTP][39m [90m{}[39m
[35m[W3C (caee0739)][39m Driver proxy active, passing request on via HTTP proxy
[35m[WD Proxy][39m Replacing sessionId 85400e4a-380b-4f9a-b335-15e6b9c50474 with caee0739-e393-4e82-b2a4-f6859700e364
[35m[HTTP][39m [37m<-- GET /wd/hub/session/caee0739-e393-4e82-b2a4-f6859700e364/element/00000000-0000-0634-ffff-ffff00000084/location [39m[32m200[39m [90m55 ms - 79[39m
[35m[HTTP][39m [90m[39m
[35m[HTTP][39m [37m-->[39m [37mPOST[39m [37m/wd/hub/session/caee0739-e393-4e82-b2a4-f6859700e364/elements[39m
[35m[HTTP][39m [90m{"using":"xpath","value":"//*[@class = 'android.widget.TextView' and (@text = 'SIGN UP TODAY' or . = 'SIGN UP TODAY') and @resource-id = 'com.Advantage.aShopping:id/textViewSingUpToday']"}[39m
[35m[HTTP][39m [37m<-- POST /wd/hub/session/caee0739-e393-4e82-b2a4-f6859700e364/elements [39m[32m200[39m [90m275 ms - 139[39m
[35m[HTTP][39m [90m[39m
[35m[HTTP][39m [37m-->[39m [37mGET[39m [37m/wd/hub/session/caee0739-e393-4e82-b2a4-f6859700e364/element/00000000-0000-0634-ffff-ffff00000084/location[39m
[35m[HTTP][39m [90m{}[39m
[35m[W3C (caee0739)][39m Driver proxy active, passing request on via HTTP proxy
[35m[WD Proxy][39m Replacing sessionId 85400e4a-380b-4f9a-b335-15e6b9c50474 with caee0739-e393-4e82-b2a4-f6859700e364
[35m[HTTP][39m [37m<-- GET /wd/hub/session/caee0739-e393-4e82-b2a4-f6859700e364/element/00000000-0000-0634-ffff-ffff00000084/location [39m[32m200[39m [90m41 ms - 79[39m
[35m[HTTP][39m [90m[39m
[35m[HTTP][39m [37m-->[39m [37mPOST[39m [37m/wd/hub/session/caee0739-e393-4e82-b2a4-f6859700e364/elements[39m
[35m[HTTP][39m [90m{"using":"xpath","value":"//*[@class = 'android.widget.TextView' and (@text = 'SIGN UP TODAY' or . = 'SIGN UP TODAY') and @resource-id = 'com.Advantage.aShopping:id/textViewSingUpToday']"}[39m
[35m[HTTP][39m [37m<-- POST /wd/hub/session/caee0739-e393-4e82-b2a4-f6859700e364/elements [39m[32m200[39m [90m189 ms - 139[39m
[35m[HTTP][39m [90m[39m
[35m[HTTP][39m [37m-->[39m [37mGET[39m [37m/wd/hub/session/caee0739-e393-4e82-b2a4-f6859700e364/element/00000000-0000-0634-ffff-ffff00000084/location[39m
[35m[HTTP][39m [90m{}[39m
[35m[W3C (caee0739)][39m Driver proxy active, passing request on via HTTP proxy
[35m[WD Proxy][39m Replacing sessionId 85400e4a-380b-4f9a-b335-15e6b9c50474 with caee0739-e393-4e82-b2a4-f6859700e364
[35m[HTTP][39m [37m<-- GET /wd/hub/session/caee0739-e393-4e82-b2a4-f6859700e364/element/00000000-0000-0634-ffff-ffff00000084/location [39m[32m200[39m [90m55 ms - 79[39m
[35m[HTTP][39m [90m[39m
[35m[HTTP][39m [37m-->[39m [37mPOST[39m [37m/wd/hub/session/caee0739-e393-4e82-b2a4-f6859700e364/elements[39m
[35m[HTTP][39m [90m{"using":"xpath","value":"//*[@class = 'android.widget.TextView' and (@text = 'SIGN UP TODAY' or . = 'SIGN UP TODAY') and @resource-id = 'com.Advantage.aShopping:id/textViewSingUpToday']"}[39m
[35m[HTTP][39m [37m<-- POST /wd/hub/session/caee0739-e393-4e82-b2a4-f6859700e364/elements [39m[32m200[39m [90m162 ms - 139[39m
[35m[HTTP][39m [90m[39m
[35m[HTTP][39m [37m-->[39m [37mGET[39m [37m/wd/hub/session/caee0739-e393-4e82-b2a4-f6859700e364/element/00000000-0000-0634-ffff-ffff00000084/location[39m
[35m[HTTP][39m [90m{}[39m
[35m[W3C (caee0739)][39m Driver proxy active, passing request on via HTTP proxy
[35m[WD Proxy][39m Replacing sessionId 85400e4a-380b-4f9a-b335-15e6b9c50474 with caee0739-e393-4e82-b2a4-f6859700e364
[35m[HTTP][39m [37m<-- GET /wd/hub/session/caee0739-e393-4e82-b2a4-f6859700e364/element/00000000-0000-0634-ffff-ffff00000084/location [39m[32m200[39m [90m52 ms - 79[39m
[35m[HTTP][39m [90m[39m
[35m[HTTP][39m [37m-->[39m [37mPOST[39m [37m/wd/hub/session/caee0739-e393-4e82-b2a4-f6859700e364/elements[39m
[35m[HTTP][39m [90m{"using":"xpath","value":"//*[@class = 'android.widget.TextView' and (@text = 'SIGN UP TODAY' or . = 'SIGN UP TODAY') and @resource-id = 'com.Advantage.aShopping:id/textViewSingUpToday']"}[39m
[35m[HTTP][39m [37m<-- POST /wd/hub/session/caee0739-e393-4e82-b2a4-f6859700e364/elements [39m[32m200[39m [90m197 ms - 139[39m
[35m[HTTP][39m [90m[39m
[35m[HTTP][39m [37m-->[39m [37mGET[39m [37m/wd/hub/session/caee0739-e393-4e82-b2a4-f6859700e364/element/00000000-0000-0634-ffff-ffff00000084/location[39m
[35m[HTTP][39m [90m{}[39m
[35m[W3C (caee0739)][39m Driver proxy active, passing request on via HTTP proxy
[35m[WD Proxy][39m Replacing sessionId 85400e4a-380b-4f9a-b335-15e6b9c50474 with caee0739-e393-4e82-b2a4-f6859700e364
[35m[HTTP][39m [37m<-- GET /wd/hub/session/caee0739-e393-4e82-b2a4-f6859700e364/element/00000000-0000-0634-ffff-ffff00000084/location [39m[32m200[39m [90m46 ms - 79[39m
[35m[HTTP][39m [90m[39m
[35m[HTTP][39m [37m-->[39m [37mPOST[39m [37m/wd/hub/session/caee0739-e393-4e82-b2a4-f6859700e364/elements[39m
[35m[HTTP][39m [90m{"using":"xpath","value":"//*[@class = 'android.widget.TextView' and (@text = 'SIGN UP TODAY' or . = 'SIGN UP TODAY') and @resource-id = 'com.Advantage.aShopping:id/textViewSingUpToday']"}[39m
[35m[HTTP][39m [37m<-- POST /wd/hub/session/caee0739-e393-4e82-b2a4-f6859700e364/elements [39m[32m200[39m [90m155 ms - 139[39m
[35m[HTTP][39m [90m[39m
[35m[HTTP][39m [37m-->[39m [37mGET[39m [37m/wd/hub/session/caee0739-e393-4e82-b2a4-f6859700e364/element/00000000-0000-0634-ffff-ffff00000084/location[39m
[35m[HTTP][39m [90m{}[39m
[35m[W3C (caee0739)][39m Driver proxy active, passing request on via HTTP proxy
[35m[WD Proxy][39m Replacing sessionId 85400e4a-380b-4f9a-b335-15e6b9c50474 with caee0739-e393-4e82-b2a4-f6859700e364
[35m[HTTP][39m [37m<-- GET /wd/hub/session/caee0739-e393-4e82-b2a4-f6859700e364/element/00000000-0000-0634-ffff-ffff00000084/location [39m[32m200[39m [90m43 ms - 79[39m
[35m[HTTP][39m [90m[39m
[35m[HTTP][39m [37m-->[39m [37mPOST[39m [37m/wd/hub/session/caee0739-e393-4e82-b2a4-f6859700e364/elements[39m
[35m[HTTP][39m [90m{"using":"xpath","value":"//*[@class = 'android.widget.TextView' and (@text = 'SIGN UP TODAY' or . = 'SIGN UP TODAY') and @resource-id = 'com.Advantage.aShopping:id/textViewSingUpToday']"}[39m
[35m[HTTP][39m [37m<-- POST /wd/hub/session/caee0739-e393-4e82-b2a4-f6859700e364/elements [39m[32m200[39m [90m156 ms - 139[39m
[35m[HTTP][39m [90m[39m
[35m[HTTP][39m [37m-->[39m [37mGET[39m [37m/wd/hub/session/caee0739-e393-4e82-b2a4-f6859700e364/element/00000000-0000-0634-ffff-ffff00000084/location[39m
[35m[HTTP][39m [90m{}[39m
[35m[W3C (caee0739)][39m Driver proxy active, passing request on via HTTP proxy
[35m[WD Proxy][39m Replacing sessionId 85400e4a-380b-4f9a-b335-15e6b9c50474 with caee0739-e393-4e82-b2a4-f6859700e364
[35m[HTTP][39m [37m<-- GET /wd/hub/session/caee0739-e393-4e82-b2a4-f6859700e364/element/00000000-0000-0634-ffff-ffff00000084/location [39m[32m200[39m [90m50 ms - 79[39m
[35m[HTTP][39m [90m[39m
[35m[HTTP][39m [37m-->[39m [37mPOST[39m [37m/wd/hub/session/caee0739-e393-4e82-b2a4-f6859700e364/elements[39m
[35m[HTTP][39m [90m{"using":"xpath","value":"//*[@class = 'android.widget.TextView' and (@text = 'SIGN UP TODAY' or . = 'SIGN UP TODAY') and @resource-id = 'com.Advantage.aShopping:id/textViewSingUpToday']"}[39m
[35m[HTTP][39m [37m<-- POST /wd/hub/session/caee0739-e393-4e82-b2a4-f6859700e364/elements [39m[32m200[39m [90m265 ms - 139[39m
[35m[HTTP][39m [90m[39m
[35m[HTTP][39m [37m-->[39m [37mGET[39m [37m/wd/hub/session/caee0739-e393-4e82-b2a4-f6859700e364/element/00000000-0000-0634-ffff-ffff00000084/location[39m
[35m[HTTP][39m [90m{}[39m
[35m[W3C (caee0739)][39m Driver proxy active, passing request on via HTTP proxy
[35m[WD Proxy][39m Replacing sessionId 85400e4a-380b-4f9a-b335-15e6b9c50474 with caee0739-e393-4e82-b2a4-f6859700e364
[35m[HTTP][39m [37m<-- GET /wd/hub/session/caee0739-e393-4e82-b2a4-f6859700e364/element/00000000-0000-0634-ffff-ffff00000084/location [39m[32m200[39m [90m50 ms - 79[39m
[35m[HTTP][39m [90m[39m
[35m[HTTP][39m [37m-->[39m [37mPOST[39m [37m/wd/hub/session/caee0739-e393-4e82-b2a4-f6859700e364/elements[39m
[35m[HTTP][39m [90m{"using":"xpath","value":"//*[@class = 'android.widget.TextView' and (@text = 'SIGN UP TODAY' or . = 'SIGN UP TODAY') and @resource-id = 'com.Advantage.aShopping:id/textViewSingUpToday']"}[39m
[35m[HTTP][39m [37m<-- POST /wd/hub/session/caee0739-e393-4e82-b2a4-f6859700e364/elements [39m[32m200[39m [90m131 ms - 139[39m
[35m[HTTP][39m [90m[39m
[35m[HTTP][39m [37m-->[39m [37mGET[39m [37m/wd/hub/session/caee0739-e393-4e82-b2a4-f6859700e364/element/00000000-0000-0634-ffff-ffff00000084/location[39m
[35m[HTTP][39m [90m{}[39m
[35m[W3C (caee0739)][39m Driver proxy active, passing request on via HTTP proxy
[35m[WD Proxy][39m Replacing sessionId 85400e4a-380b-4f9a-b335-15e6b9c50474 with caee0739-e393-4e82-b2a4-f6859700e364
[35m[HTTP][39m [37m<-- GET /wd/hub/session/caee0739-e393-4e82-b2a4-f6859700e364/element/00000000-0000-0634-ffff-ffff00000084/location [39m[32m200[39m [90m44 ms - 79[39m
[35m[HTTP][39m [90m[39m
[35m[HTTP][39m [37m-->[39m [37mPOST[39m [37m/wd/hub/session/caee0739-e393-4e82-b2a4-f6859700e364/elements[39m
[35m[HTTP][39m [90m{"using":"xpath","value":"//*[@class = 'android.widget.TextView' and (@text = 'SIGN UP TODAY' or . = 'SIGN UP TODAY') and @resource-id = 'com.Advantage.aShopping:id/textViewSingUpToday']"}[39m
[35m[HTTP][39m [37m<-- POST /wd/hub/session/caee0739-e393-4e82-b2a4-f6859700e364/elements [39m[32m200[39m [90m111 ms - 139[39m
[35m[HTTP][39m [90m[39m
[35m[HTTP][39m [37m-->[39m [37mGET[39m [37m/wd/hub/session/caee0739-e393-4e82-b2a4-f6859700e364/element/00000000-0000-0634-ffff-ffff00000084/location[39m
[35m[HTTP][39m [90m{}[39m
[35m[W3C (caee0739)][39m Driver proxy active, passing request on via HTTP proxy
[35m[WD Proxy][39m Replacing sessionId 85400e4a-380b-4f9a-b335-15e6b9c50474 with caee0739-e393-4e82-b2a4-f6859700e364
[35m[HTTP][39m [37m<-- GET /wd/hub/session/caee0739-e393-4e82-b2a4-f6859700e364/element/00000000-0000-0634-ffff-ffff00000084/location [39m[32m200[39m [90m33 ms - 79[39m
[35m[HTTP][39m [90m[39m
[35m[HTTP][39m [37m-->[39m [37mPOST[39m [37m/wd/hub/session/caee0739-e393-4e82-b2a4-f6859700e364/elements[39m
[35m[HTTP][39m [90m{"using":"xpath","value":"//*[@class = 'android.widget.TextView' and (@text = 'SIGN UP TODAY' or . = 'SIGN UP TODAY') and @resource-id = 'com.Advantage.aShopping:id/textViewSingUpToday']"}[39m
[35m[HTTP][39m [37m<-- POST /wd/hub/session/caee0739-e393-4e82-b2a4-f6859700e364/elements [39m[32m200[39m [90m114 ms - 139[39m
[35m[HTTP][39m [90m[39m
[35m[HTTP][39m [37m-->[39m [37mGET[39m [37m/wd/hub/session/caee0739-e393-4e82-b2a4-f6859700e364/element/00000000-0000-0634-ffff-ffff00000084/location[39m
[35m[HTTP][39m [90m{}[39m
[35m[W3C (caee0739)][39m Driver proxy active, passing request on via HTTP proxy
[35m[WD Proxy][39m Replacing sessionId 85400e4a-380b-4f9a-b335-15e6b9c50474 with caee0739-e393-4e82-b2a4-f6859700e364
[35m[HTTP][39m [37m<-- GET /wd/hub/session/caee0739-e393-4e82-b2a4-f6859700e364/element/00000000-0000-0634-ffff-ffff00000084/location [39m[32m200[39m [90m42 ms - 79[39m
[35m[HTTP][39m [90m[39m
[35m[HTTP][39m [37m-->[39m [37mPOST[39m [37m/wd/hub/session/caee0739-e393-4e82-b2a4-f6859700e364/elements[39m
[35m[HTTP][39m [90m{"using":"xpath","value":"//*[@class = 'android.widget.TextView' and (@text = 'SIGN UP TODAY' or . = 'SIGN UP TODAY') and @resource-id = 'com.Advantage.aShopping:id/textViewSingUpToday']"}[39m
[35m[HTTP][39m [37m<-- POST /wd/hub/session/caee0739-e393-4e82-b2a4-f6859700e364/elements [39m[32m200[39m [90m108 ms - 139[39m
[35m[HTTP][39m [90m[39m
[35m[HTTP][39m [37m-->[39m [37mGET[39m [37m/wd/hub/session/caee0739-e393-4e82-b2a4-f6859700e364/element/00000000-0000-0634-ffff-ffff00000084/location[39m
[35m[HTTP][39m [90m{}[39m
[35m[W3C (caee0739)][39m Driver proxy active, passing request on via HTTP proxy
[35m[WD Proxy][39m Replacing sessionId 85400e4a-380b-4f9a-b335-15e6b9c50474 with caee0739-e393-4e82-b2a4-f6859700e364
[35m[HTTP][39m [37m<-- GET /wd/hub/session/caee0739-e393-4e82-b2a4-f6859700e364/element/00000000-0000-0634-ffff-ffff00000084/location [39m[32m200[39m [90m40 ms - 79[39m
[35m[HTTP][39m [90m[39m
[35m[HTTP][39m [37m-->[39m [37mPOST[39m [37m/wd/hub/session/caee0739-e393-4e82-b2a4-f6859700e364/elements[39m
[35m[HTTP][39m [90m{"using":"xpath","value":"//*[@class = 'android.widget.TextView' and (@text = 'SIGN UP TODAY' or . = 'SIGN UP TODAY') and @resource-id = 'com.Advantage.aShopping:id/textViewSingUpToday']"}[39m
[35m[HTTP][39m [37m<-- POST /wd/hub/session/caee0739-e393-4e82-b2a4-f6859700e364/elements [39m[32m200[39m [90m104 ms - 139[39m
[35m[HTTP][39m [90m[39m
[35m[HTTP][39m [37m-->[39m [37mGET[39m [37m/wd/hub/session/caee0739-e393-4e82-b2a4-f6859700e364/element/00000000-0000-0634-ffff-ffff00000084/location[39m
[35m[HTTP][39m [90m{}[39m
[35m[W3C (caee0739)][39m Driver proxy active, passing request on via HTTP proxy
[35m[WD Proxy][39m Replacing sessionId 85400e4a-380b-4f9a-b335-15e6b9c50474 with caee0739-e393-4e82-b2a4-f6859700e364
[35m[HTTP][39m [37m<-- GET /wd/hub/session/caee0739-e393-4e82-b2a4-f6859700e364/element/00000000-0000-0634-ffff-ffff00000084/location [39m[32m200[39m [90m46 ms - 79[39m
[35m[HTTP][39m [90m[39m
[35m[HTTP][39m [37m-->[39m [37mPOST[39m [37m/wd/hub/session/caee0739-e393-4e82-b2a4-f6859700e364/elements[39m
[35m[HTTP][39m [90m{"using":"xpath","value":"//*[@class = 'android.widget.TextView' and (@text = 'SIGN UP TODAY' or . = 'SIGN UP TODAY') and @resource-id = 'com.Advantage.aShopping:id/textViewSingUpToday']"}[39m
[35m[HTTP][39m [37m<-- POST /wd/hub/session/caee0739-e393-4e82-b2a4-f6859700e364/elements [39m[32m200[39m [90m133 ms - 139[39m
[35m[HTTP][39m [90m[39m
[35m[HTTP][39m [37m-->[39m [37mGET[39m [37m/wd/hub/session/caee0739-e393-4e82-b2a4-f6859700e364/element/00000000-0000-0634-ffff-ffff00000084/location[39m
[35m[HTTP][39m [90m{}[39m
[35m[W3C (caee0739)][39m Driver proxy active, passing request on via HTTP proxy
[35m[WD Proxy][39m Replacing sessionId 85400e4a-380b-4f9a-b335-15e6b9c50474 with caee0739-e393-4e82-b2a4-f6859700e364
[35m[HTTP][39m [37m<-- GET /wd/hub/session/caee0739-e393-4e82-b2a4-f6859700e364/element/00000000-0000-0634-ffff-ffff00000084/location [39m[32m200[39m [90m44 ms - 79[39m
[35m[HTTP][39m [90m[39m
[35m[HTTP][39m [37m-->[39m [37mPOST[39m [37m/wd/hub/session/caee0739-e393-4e82-b2a4-f6859700e364/elements[39m
[35m[HTTP][39m [90m{"using":"xpath","value":"//*[@class = 'android.widget.TextView' and (@text = 'SIGN UP TODAY' or . = 'SIGN UP TODAY') and @resource-id = 'com.Advantage.aShopping:id/textViewSingUpToday']"}[39m
[35m[HTTP][39m [37m<-- POST /wd/hub/session/caee0739-e393-4e82-b2a4-f6859700e364/elements [39m[32m200[39m [90m127 ms - 139[39m
[35m[HTTP][39m [90m[39m
[35m[HTTP][39m [37m-->[39m [37mGET[39m [37m/wd/hub/session/caee0739-e393-4e82-b2a4-f6859700e364/element/00000000-0000-0634-ffff-ffff00000084/location[39m
[35m[HTTP][39m [90m{}[39m
[35m[W3C (caee0739)][39m Driver proxy active, passing request on via HTTP proxy
[35m[WD Proxy][39m Replacing sessionId 85400e4a-380b-4f9a-b335-15e6b9c50474 with caee0739-e393-4e82-b2a4-f6859700e364
[35m[HTTP][39m [37m<-- GET /wd/hub/session/caee0739-e393-4e82-b2a4-f6859700e364/element/00000000-0000-0634-ffff-ffff00000084/location [39m[32m200[39m [90m38 ms - 79[39m
[35m[HTTP][39m [90m[39m
[35m[HTTP][39m [37m-->[39m [37mPOST[39m [37m/wd/hub/session/caee0739-e393-4e82-b2a4-f6859700e364/elements[39m
[35m[HTTP][39m [90m{"using":"xpath","value":"//*[@class = 'android.widget.TextView' and (@text = 'SIGN UP TODAY' or . = 'SIGN UP TODAY') and @resource-id = 'com.Advantage.aShopping:id/textViewSingUpToday']"}[39m
[35m[HTTP][39m [37m<-- POST /wd/hub/session/caee0739-e393-4e82-b2a4-f6859700e364/elements [39m[32m200[39m [90m132 ms - 139[39m
[35m[HTTP][39m [90m[39m
[35m[HTTP][39m [37m-->[39m [37mGET[39m [37m/wd/hub/session/caee0739-e393-4e82-b2a4-f6859700e364/element/00000000-0000-0634-ffff-ffff00000084/location[39m
[35m[HTTP][39m [90m{}[39m
[35m[W3C (caee0739)][39m Driver proxy active, passing request on via HTTP proxy
[35m[WD Proxy][39m Replacing sessionId 85400e4a-380b-4f9a-b335-15e6b9c50474 with caee0739-e393-4e82-b2a4-f6859700e364
[35m[HTTP][39m [37m<-- GET /wd/hub/session/caee0739-e393-4e82-b2a4-f6859700e364/element/00000000-0000-0634-ffff-ffff00000084/location [39m[32m200[39m [90m44 ms - 79[39m
[35m[HTTP][39m [90m[39m
[35m[HTTP][39m [37m-->[39m [37mPOST[39m [37m/wd/hub/session/caee0739-e393-4e82-b2a4-f6859700e364/elements[39m
[35m[HTTP][39m [90m{"using":"xpath","value":"//*[@class = 'android.widget.TextView' and (@text = 'SIGN UP TODAY' or . = 'SIGN UP TODAY') and @resource-id = 'com.Advantage.aShopping:id/textViewSingUpToday']"}[39m
[35m[HTTP][39m [37m<-- POST /wd/hub/session/caee0739-e393-4e82-b2a4-f6859700e364/elements [39m[32m200[39m [90m103 ms - 139[39m
[35m[HTTP][39m [90m[39m
[35m[HTTP][39m [37m-->[39m [37mGET[39m [37m/wd/hub/session/caee0739-e393-4e82-b2a4-f6859700e364/element/00000000-0000-0634-ffff-ffff00000084/location[39m
[35m[HTTP][39m [90m{}[39m
[35m[W3C (caee0739)][39m Driver proxy active, passing request on via HTTP proxy
[35m[WD Proxy][39m Replacing sessionId 85400e4a-380b-4f9a-b335-15e6b9c50474 with caee0739-e393-4e82-b2a4-f6859700e364
[35m[HTTP][39m [37m<-- GET /wd/hub/session/caee0739-e393-4e82-b2a4-f6859700e364/element/00000000-0000-0634-ffff-ffff00000084/location [39m[32m200[39m [90m51 ms - 79[39m
[35m[HTTP][39m [90m[39m
[35m[HTTP][39m [37m-->[39m [37mPOST[39m [37m/wd/hub/session/caee0739-e393-4e82-b2a4-f6859700e364/elements[39m
[35m[HTTP][39m [90m{"using":"xpath","value":"//*[@class = 'android.widget.TextView' and (@text = 'SIGN UP TODAY' or . = 'SIGN UP TODAY') and @resource-id = 'com.Advantage.aShopping:id/textViewSingUpToday']"}[39m
[35m[HTTP][39m [37m<-- POST /wd/hub/session/caee0739-e393-4e82-b2a4-f6859700e364/elements [39m[32m200[39m [90m148 ms - 139[39m
[35m[HTTP][39m [90m[39m
[35m[HTTP][39m [37m-->[39m [37mGET[39m [37m/wd/hub/session/caee0739-e393-4e82-b2a4-f6859700e364/element/00000000-0000-0634-ffff-ffff00000084/location[39m
[35m[HTTP][39m [90m{}[39m
[35m[W3C (caee0739)][39m Driver proxy active, passing request on via HTTP proxy
[35m[WD Proxy][39m Replacing sessionId 85400e4a-380b-4f9a-b335-15e6b9c50474 with caee0739-e393-4e82-b2a4-f6859700e364
[35m[HTTP][39m [37m<-- GET /wd/hub/session/caee0739-e393-4e82-b2a4-f6859700e364/element/00000000-0000-0634-ffff-ffff00000084/location [39m[32m200[39m [90m42 ms - 79[39m
[35m[HTTP][39m [90m[39m
[35m[HTTP][39m [37m-->[39m [37mPOST[39m [37m/wd/hub/session/caee0739-e393-4e82-b2a4-f6859700e364/elements[39m
[35m[HTTP][39m [90m{"using":"xpath","value":"//*[@class = 'android.widget.TextView' and (@text = 'SIGN UP TODAY' or . = 'SIGN UP TODAY') and @resource-id = 'com.Advantage.aShopping:id/textViewSingUpToday']"}[39m
[35m[HTTP][39m [37m<-- POST /wd/hub/session/caee0739-e393-4e82-b2a4-f6859700e364/elements [39m[32m200[39m [90m156 ms - 139[39m
[35m[HTTP][39m [90m[39m
[35m[HTTP][39m [37m-->[39m [37mGET[39m [37m/wd/hub/session/caee0739-e393-4e82-b2a4-f6859700e364/element/00000000-0000-0634-ffff-ffff00000084/location[39m
[35m[HTTP][39m [90m{}[39m
[35m[W3C (caee0739)][39m Driver proxy active, passing request on via HTTP proxy
[35m[WD Proxy][39m Replacing sessionId 85400e4a-380b-4f9a-b335-15e6b9c50474 with caee0739-e393-4e82-b2a4-f6859700e364
[35m[HTTP][39m [37m<-- GET /wd/hub/session/caee0739-e393-4e82-b2a4-f6859700e364/element/00000000-0000-0634-ffff-ffff00000084/location [39m[32m200[39m [90m55 ms - 79[39m
[35m[HTTP][39m [90m[39m
[35m[HTTP][39m [37m-->[39m [37mPOST[39m [37m/wd/hub/session/caee0739-e393-4e82-b2a4-f6859700e364/elements[39m
[35m[HTTP][39m [90m{"using":"xpath","value":"//*[@class = 'android.widget.TextView' and (@text = 'SIGN UP TODAY' or . = 'SIGN UP TODAY') and @resource-id = 'com.Advantage.aShopping:id/textViewSingUpToday']"}[39m
[35m[HTTP][39m [37m<-- POST /wd/hub/session/caee0739-e393-4e82-b2a4-f6859700e364/elements [39m[32m200[39m [90m117 ms - 139[39m
[35m[HTTP][39m [90m[39m
[35m[HTTP][39m [37m-->[39m [37mGET[39m [37m/wd/hub/session/caee0739-e393-4e82-b2a4-f6859700e364/element/00000000-0000-0634-ffff-ffff00000084/location[39m
[35m[HTTP][39m [90m{}[39m
[35m[W3C (caee0739)][39m Driver proxy active, passing request on via HTTP proxy
[35m[WD Proxy][39m Replacing sessionId 85400e4a-380b-4f9a-b335-15e6b9c50474 with caee0739-e393-4e82-b2a4-f6859700e364
[35m[HTTP][39m [37m<-- GET /wd/hub/session/caee0739-e393-4e82-b2a4-f6859700e364/element/00000000-0000-0634-ffff-ffff00000084/location [39m[32m200[39m [90m44 ms - 79[39m
[35m[HTTP][39m [90m[39m
[35m[HTTP][39m [37m-->[39m [37mPOST[39m [37m/wd/hub/session/caee0739-e393-4e82-b2a4-f6859700e364/elements[39m
[35m[HTTP][39m [90m{"using":"xpath","value":"//*[@class = 'android.widget.TextView' and (@text = 'SIGN UP TODAY' or . = 'SIGN UP TODAY') and @resource-id = 'com.Advantage.aShopping:id/textViewSingUpToday']"}[39m
[35m[HTTP][39m [37m<-- POST /wd/hub/session/caee0739-e393-4e82-b2a4-f6859700e364/elements [39m[32m200[39m [90m105 ms - 139[39m
[35m[HTTP][39m [90m[39m
[35m[HTTP][39m [37m-->[39m [37mGET[39m [37m/wd/hub/session/caee0739-e393-4e82-b2a4-f6859700e364/element/00000000-0000-0634-ffff-ffff00000084/location[39m
[35m[HTTP][39m [90m{}[39m
[35m[W3C (caee0739)][39m Driver proxy active, passing request on via HTTP proxy
[35m[WD Proxy][39m Replacing sessionId 85400e4a-380b-4f9a-b335-15e6b9c50474 with caee0739-e393-4e82-b2a4-f6859700e364
[35m[HTTP][39m [37m<-- GET /wd/hub/session/caee0739-e393-4e82-b2a4-f6859700e364/element/00000000-0000-0634-ffff-ffff00000084/location [39m[32m200[39m [90m43 ms - 79[39m
[35m[HTTP][39m [90m[39m
[35m[HTTP][39m [37m-->[39m [37mPOST[39m [37m/wd/hub/session/caee0739-e393-4e82-b2a4-f6859700e364/timeouts[39m
[35m[HTTP][39m [90m{"implicit":30000}[39m
[35m[HTTP][39m [37m<-- POST /wd/hub/session/caee0739-e393-4e82-b2a4-f6859700e364/timeouts [39m[32m200[39m [90m3 ms - 14[39m
[35m[HTTP][39m [90m[39m
[35m[HTTP][39m [37m-->[39m [37mPOST[39m [37m/wd/hub/session/caee0739-e393-4e82-b2a4-f6859700e364/element/00000000-0000-0634-ffff-ffff00000084/click[39m
[35m[HTTP][39m [90m{"id":"00000000-0000-0634-ffff-ffff00000084"}[39m
[35m[HTTP][39m [37m<-- POST /wd/hub/session/caee0739-e393-4e82-b2a4-f6859700e364/element/00000000-0000-0634-ffff-ffff00000084/click [39m[32m200[39m [90m132 ms - 14[39m
[35m[HTTP][39m [90m[39m
[35m[HTTP][39m [37m-->[39m [37mPOST[39m [37m/wd/hub/session/caee0739-e393-4e82-b2a4-f6859700e364/timeouts[39m
[35m[HTTP][39m [90m{"implicit":50}[39m
[35m[HTTP][39m [37m<-- POST /wd/hub/session/caee0739-e393-4e82-b2a4-f6859700e364/timeouts [39m[32m200[39m [90m4 ms - 14[39m
[35m[HTTP][39m [90m[39m
[35m[HTTP][39m [37m-->[39m [37mGET[39m [37m/wd/hub/session/caee0739-e393-4e82-b2a4-f6859700e364/window/rect[39m
[35m[HTTP][39m [90m{}[39m
[35m[HTTP][39m [37m<-- GET /wd/hub/session/caee0739-e393-4e82-b2a4-f6859700e364/window/rect [39m[32m200[39m [90m54 ms - 50[39m
[35m[HTTP][39m [90m[39m
[35m[HTTP][39m [37m-->[39m [37mPOST[39m [37m/wd/hub/session/caee0739-e393-4e82-b2a4-f6859700e364/elements[39m
[35m[HTTP][39m [90m{"using":"xpath","value":"//hierarchy/android.widget.FrameLayout[1]/android.widget.LinearLayout[1]/android.widget.FrameLayout[1]/android.widget.LinearLayout[1]/android.widget.FrameLayout[1]/androidx.drawerlayout.widget.DrawerLayout[1]/android.view.ViewGroup[1]/android.widget.LinearLayout[2]/android.widget.ScrollView[1]/android.widget.LinearLayout[1]/android.widget.LinearLayout[1]/android.widget.LinearLayout[1]/android.widget.LinearLayout[1]/android.widget.RelativeLayout[1]/android.widget.EditText[1]"}[39m
[35m[HTTP][39m [37m<-- POST /wd/hub/session/caee0739-e393-4e82-b2a4-f6859700e364/elements [39m[32m200[39m [90m4149 ms - 12[39m
[35m[HTTP][39m [90m[39m
[35m[HTTP][39m [37m-->[39m [37mPOST[39m [37m/wd/hub/session/caee0739-e393-4e82-b2a4-f6859700e364/elements[39m
[35m[HTTP][39m [90m{"using":"xpath","value":"//hierarchy/android.widget.FrameLayout[1]/android.widget.LinearLayout[1]/android.widget.FrameLayout[1]/android.widget.LinearLayout[1]/android.widget.FrameLayout[1]/androidx.drawerlayout.widget.DrawerLayout[1]/android.view.ViewGroup[1]/android.widget.LinearLayout[2]/android.widget.ScrollView[1]/android.widget.LinearLayout[1]/android.widget.LinearLayout[1]/android.widget.LinearLayout[1]/android.widget.LinearLayout[1]/android.widget.RelativeLayout[1]/android.widget.EditText[1]"}[39m
[35m[HTTP][39m [37m<-- POST /wd/hub/session/caee0739-e393-4e82-b2a4-f6859700e364/elements [39m[32m200[39m [90m235 ms - 12[39m
[35m[HTTP][39m [90m[39m
[35m[HTTP][39m [37m-->[39m [37mPOST[39m [37m/wd/hub/session/caee0739-e393-4e82-b2a4-f6859700e364/elements[39m
[35m[HTTP][39m [90m{"using":"xpath","value":"//hierarchy/android.widget.FrameLayout[1]/android.widget.LinearLayout[1]/android.widget.FrameLayout[1]/android.widget.LinearLayout[1]/android.widget.FrameLayout[1]/androidx.drawerlayout.widget.DrawerLayout[1]/android.view.ViewGroup[1]/android.widget.LinearLayout[2]/android.widget.ScrollView[1]/android.widget.LinearLayout[1]/android.widget.LinearLayout[1]/android.widget.LinearLayout[1]/android.widget.LinearLayout[1]/android.widget.RelativeLayout[1]/android.widget.EditText[1]"}[39m
[35m[HTTP][39m [37m<-- POST /wd/hub/session/caee0739-e393-4e82-b2a4-f6859700e364/elements [39m[32m200[39m [90m147 ms - 12[39m
[35m[HTTP][39m [90m[39m
[35m[HTTP][39m [37m-->[39m [37mPOST[39m [37m/wd/hub/session/caee0739-e393-4e82-b2a4-f6859700e364/elements[39m
[35m[HTTP][39m [90m{"using":"xpath","value":"//hierarchy/android.widget.FrameLayout[1]/android.widget.LinearLayout[1]/android.widget.FrameLayout[1]/android.widget.LinearLayout[1]/android.widget.FrameLayout[1]/androidx.drawerlayout.widget.DrawerLayout[1]/android.view.ViewGroup[1]/android.widget.LinearLayout[2]/android.widget.ScrollView[1]/android.widget.LinearLayout[1]/android.widget.LinearLayout[1]/android.widget.LinearLayout[1]/android.widget.LinearLayout[1]/android.widget.RelativeLayout[1]/android.widget.EditText[1]"}[39m
[35m[HTTP][39m [37m<-- POST /wd/hub/session/caee0739-e393-4e82-b2a4-f6859700e364/elements [39m[32m200[39m [90m153 ms - 12[39m
[35m[HTTP][39m [90m[39m
[35m[HTTP][39m [37m-->[39m [37mPOST[39m [37m/wd/hub/session/caee0739-e393-4e82-b2a4-f6859700e364/elements[39m
[35m[HTTP][39m [90m{"using":"xpath","value":"//hierarchy/android.widget.FrameLayout[1]/android.widget.LinearLayout[1]/android.widget.FrameLayout[1]/android.widget.LinearLayout[1]/android.widget.FrameLayout[1]/androidx.drawerlayout.widget.DrawerLayout[1]/android.view.ViewGroup[1]/android.widget.LinearLayout[2]/android.widget.ScrollView[1]/android.widget.LinearLayout[1]/android.widget.LinearLayout[1]/android.widget.LinearLayout[1]/android.widget.LinearLayout[1]/android.widget.RelativeLayout[1]/android.widget.EditText[1]"}[39m
[35m[HTTP][39m [37m<-- POST /wd/hub/session/caee0739-e393-4e82-b2a4-f6859700e364/elements [39m[32m200[39m [90m141 ms - 12[39m
[35m[HTTP][39m [90m[39m
[35m[HTTP][39m [37m-->[39m [37mPOST[39m [37m/wd/hub/session/caee0739-e393-4e82-b2a4-f6859700e364/elements[39m
[35m[HTTP][39m [90m{"using":"xpath","value":"//hierarchy/android.widget.FrameLayout[1]/android.widget.LinearLayout[1]/android.widget.FrameLayout[1]/android.widget.LinearLayout[1]/android.widget.FrameLayout[1]/androidx.drawerlayout.widget.DrawerLayout[1]/android.view.ViewGroup[1]/android.widget.LinearLayout[2]/android.widget.ScrollView[1]/android.widget.LinearLayout[1]/android.widget.LinearLayout[1]/android.widget.LinearLayout[1]/android.widget.LinearLayout[1]/android.widget.RelativeLayout[1]/android.widget.EditText[1]"}[39m
[35m[HTTP][39m [37m<-- POST /wd/hub/session/caee0739-e393-4e82-b2a4-f6859700e364/elements [39m[32m200[39m [90m103 ms - 12[39m
[35m[HTTP][39m [90m[39m
[35m[HTTP][39m [37m-->[39m [37mPOST[39m [37m/wd/hub/session/caee0739-e393-4e82-b2a4-f6859700e364/elements[39m
[35m[HTTP][39m [90m{"using":"xpath","value":"//hierarchy/android.widget.FrameLayout[1]/android.widget.LinearLayout[1]/android.widget.FrameLayout[1]/android.widget.LinearLayout[1]/android.widget.FrameLayout[1]/androidx.drawerlayout.widget.DrawerLayout[1]/android.view.ViewGroup[1]/android.widget.LinearLayout[2]/android.widget.ScrollView[1]/android.widget.LinearLayout[1]/android.widget.LinearLayout[1]/android.widget.LinearLayout[1]/android.widget.LinearLayout[1]/android.widget.RelativeLayout[1]/android.widget.EditText[1]"}[39m
[35m[HTTP][39m [37m<-- POST /wd/hub/session/caee0739-e393-4e82-b2a4-f6859700e364/elements [39m[32m200[39m [90m149 ms - 12[39m
[35m[HTTP][39m [90m[39m
[35m[HTTP][39m [37m-->[39m [37mPOST[39m [37m/wd/hub/session/caee0739-e393-4e82-b2a4-f6859700e364/elements[39m
[35m[HTTP][39m [90m{"using":"xpath","value":"//hierarchy/android.widget.FrameLayout[1]/android.widget.LinearLayout[1]/android.widget.FrameLayout[1]/android.widget.LinearLayout[1]/android.widget.FrameLayout[1]/androidx.drawerlayout.widget.DrawerLayout[1]/android.view.ViewGroup[1]/android.widget.LinearLayout[2]/android.widget.ScrollView[1]/android.widget.LinearLayout[1]/android.widget.LinearLayout[1]/android.widget.LinearLayout[1]/android.widget.LinearLayout[1]/android.widget.RelativeLayout[1]/android.widget.EditText[1]"}[39m
[35m[HTTP][39m [37m<-- POST /wd/hub/session/caee0739-e393-4e82-b2a4-f6859700e364/elements [39m[32m200[39m [90m208 ms - 12[39m
[35m[HTTP][39m [90m[39m
[35m[HTTP][39m [37m-->[39m [37mPOST[39m [37m/wd/hub/session/caee0739-e393-4e82-b2a4-f6859700e364/elements[39m
[35m[HTTP][39m [90m{"using":"xpath","value":"//hierarchy/android.widget.FrameLayout[1]/android.widget.LinearLayout[1]/android.widget.FrameLayout[1]/android.widget.LinearLayout[1]/android.widget.FrameLayout[1]/androidx.drawerlayout.widget.DrawerLayout[1]/android.view.ViewGroup[1]/android.widget.LinearLayout[2]/android.widget.ScrollView[1]/android.widget.LinearLayout[1]/android.widget.LinearLayout[1]/android.widget.LinearLayout[1]/android.widget.LinearLayout[1]/android.widget.RelativeLayout[1]/android.widget.EditText[1]"}[39m
[35m[HTTP][39m [37m<-- POST /wd/hub/session/caee0739-e393-4e82-b2a4-f6859700e364/elements [39m[32m200[39m [90m274 ms - 12[39m
[35m[HTTP][39m [90m[39m
[35m[HTTP][39m [37m-->[39m [37mPOST[39m [37m/wd/hub/session/caee0739-e393-4e82-b2a4-f6859700e364/elements[39m
[35m[HTTP][39m [90m{"using":"xpath","value":"//hierarchy/android.widget.FrameLayout[1]/android.widget.LinearLayout[1]/android.widget.FrameLayout[1]/android.widget.LinearLayout[1]/android.widget.FrameLayout[1]/androidx.drawerlayout.widget.DrawerLayout[1]/android.view.ViewGroup[1]/android.widget.LinearLayout[2]/android.widget.ScrollView[1]/android.widget.LinearLayout[1]/android.widget.LinearLayout[1]/android.widget.LinearLayout[1]/android.widget.LinearLayout[1]/android.widget.RelativeLayout[1]/android.widget.EditText[1]"}[39m
[35m[HTTP][39m [37m<-- POST /wd/hub/session/caee0739-e393-4e82-b2a4-f6859700e364/elements [39m[32m200[39m [90m211 ms - 12[39m
[35m[HTTP][39m [90m[39m
[35m[HTTP][39m [37m-->[39m [37mPOST[39m [37m/wd/hub/session/caee0739-e393-4e82-b2a4-f6859700e364/elements[39m
[35m[HTTP][39m [90m{"using":"xpath","value":"//hierarchy/android.widget.FrameLayout[1]/android.widget.LinearLayout[1]/android.widget.FrameLayout[1]/android.widget.LinearLayout[1]/android.widget.FrameLayout[1]/androidx.drawerlayout.widget.DrawerLayout[1]/android.view.ViewGroup[1]/android.widget.LinearLayout[2]/android.widget.ScrollView[1]/android.widget.LinearLayout[1]/android.widget.LinearLayout[1]/android.widget.LinearLayout[1]/android.widget.LinearLayout[1]/android.widget.RelativeLayout[1]/android.widget.EditText[1]"}[39m
[35m[HTTP][39m [37m<-- POST /wd/hub/session/caee0739-e393-4e82-b2a4-f6859700e364/elements [39m[32m200[39m [90m165 ms - 12[39m
[35m[HTTP][39m [90m[39m
[35m[HTTP][39m [37m-->[39m [37mPOST[39m [37m/wd/hub/session/caee0739-e393-4e82-b2a4-f6859700e364/elements[39m
[35m[HTTP][39m [90m{"using":"xpath","value":"//hierarchy/android.widget.FrameLayout[1]/android.widget.LinearLayout[1]/android.widget.FrameLayout[1]/android.widget.LinearLayout[1]/android.widget.FrameLayout[1]/androidx.drawerlayout.widget.DrawerLayout[1]/android.view.ViewGroup[1]/android.widget.LinearLayout[2]/android.widget.ScrollView[1]/android.widget.LinearLayout[1]/android.widget.LinearLayout[1]/android.widget.LinearLayout[1]/android.widget.LinearLayout[1]/android.widget.RelativeLayout[1]/android.widget.EditText[1]"}[39m
[35m[HTTP][39m [37m<-- POST /wd/hub/session/caee0739-e393-4e82-b2a4-f6859700e364/elements [39m[32m200[39m [90m261 ms - 12[39m
[35m[HTTP][39m [90m[39m
[35m[HTTP][39m [37m-->[39m [37mPOST[39m [37m/wd/hub/session/caee0739-e393-4e82-b2a4-f6859700e364/elements[39m
[35m[HTTP][39m [90m{"using":"xpath","value":"//hierarchy/android.widget.FrameLayout[1]/android.widget.LinearLayout[1]/android.widget.FrameLayout[1]/android.widget.LinearLayout[1]/android.widget.FrameLayout[1]/androidx.drawerlayout.widget.DrawerLayout[1]/android.view.ViewGroup[1]/android.widget.LinearLayout[2]/android.widget.ScrollView[1]/android.widget.LinearLayout[1]/android.widget.LinearLayout[1]/android.widget.LinearLayout[1]/android.widget.LinearLayout[1]/android.widget.RelativeLayout[1]/android.widget.EditText[1]"}[39m
[35m[HTTP][39m [37m<-- POST /wd/hub/session/caee0739-e393-4e82-b2a4-f6859700e364/elements [39m[32m200[39m [90m420 ms - 12[39m
[35m[HTTP][39m [90m[39m
[35m[HTTP][39m [37m-->[39m [37mPOST[39m [37m/wd/hub/session/caee0739-e393-4e82-b2a4-f6859700e364/elements[39m
[35m[HTTP][39m [90m{"using":"xpath","value":"//hierarchy/android.widget.FrameLayout[1]/android.widget.LinearLayout[1]/android.widget.FrameLayout[1]/android.widget.LinearLayout[1]/android.widget.FrameLayout[1]/androidx.drawerlayout.widget.DrawerLayout[1]/android.view.ViewGroup[1]/android.widget.LinearLayout[2]/android.widget.ScrollView[1]/android.widget.LinearLayout[1]/android.widget.LinearLayout[1]/android.widget.LinearLayout[1]/android.widget.LinearLayout[1]/android.widget.RelativeLayout[1]/android.widget.EditText[1]"}[39m
[35m[HTTP][39m [37m<-- POST /wd/hub/session/caee0739-e393-4e82-b2a4-f6859700e364/elements [39m[32m200[39m [90m540 ms - 12[39m
[35m[HTTP][39m [90m[39m
[35m[HTTP][39m [37m-->[39m [37mPOST[39m [37m/wd/hub/session/caee0739-e393-4e82-b2a4-f6859700e364/elements[39m
[35m[HTTP][39m [90m{"using":"xpath","value":"//hierarchy/android.widget.FrameLayout[1]/android.widget.LinearLayout[1]/android.widget.FrameLayout[1]/android.widget.LinearLayout[1]/android.widget.FrameLayout[1]/androidx.drawerlayout.widget.DrawerLayout[1]/android.view.ViewGroup[1]/android.widget.LinearLayout[2]/android.widget.ScrollView[1]/android.widget.LinearLayout[1]/android.widget.LinearLayout[1]/android.widget.LinearLayout[1]/android.widget.LinearLayout[1]/android.widget.RelativeLayout[1]/android.widget.EditText[1]"}[39m
[35m[HTTP][39m [37m<-- POST /wd/hub/session/caee0739-e393-4e82-b2a4-f6859700e364/elements [39m[32m200[39m [90m147 ms - 12[39m
[35m[HTTP][39m [90m[39m
[35m[HTTP][39m [37m-->[39m [37mPOST[39m [37m/wd/hub/session/caee0739-e393-4e82-b2a4-f6859700e364/elements[39m
[35m[HTTP][39m [90m{"using":"xpath","value":"//hierarchy/android.widget.FrameLayout[1]/android.widget.LinearLayout[1]/android.widget.FrameLayout[1]/android.widget.LinearLayout[1]/android.widget.FrameLayout[1]/androidx.drawerlayout.widget.DrawerLayout[1]/android.view.ViewGroup[1]/android.widget.LinearLayout[2]/android.widget.ScrollView[1]/android.widget.LinearLayout[1]/android.widget.LinearLayout[1]/android.widget.LinearLayout[1]/android.widget.LinearLayout[1]/android.widget.RelativeLayout[1]/android.widget.EditText[1]"}[39m
[35m[HTTP][39m [37m<-- POST /wd/hub/session/caee0739-e393-4e82-b2a4-f6859700e364/elements [39m[32m200[39m [90m258 ms - 12[39m
[35m[HTTP][39m [90m[39m
[35m[HTTP][39m [37m-->[39m [37mPOST[39m [37m/wd/hub/session/caee0739-e393-4e82-b2a4-f6859700e364/elements[39m
[35m[HTTP][39m [90m{"using":"xpath","value":"//hierarchy/android.widget.FrameLayout[1]/android.widget.LinearLayout[1]/android.widget.FrameLayout[1]/android.widget.LinearLayout[1]/android.widget.FrameLayout[1]/androidx.drawerlayout.widget.DrawerLayout[1]/android.view.ViewGroup[1]/android.widget.LinearLayout[2]/android.widget.ScrollView[1]/android.widget.LinearLayout[1]/android.widget.LinearLayout[1]/android.widget.LinearLayout[1]/android.widget.LinearLayout[1]/android.widget.RelativeLayout[1]/android.widget.EditText[1]"}[39m
[35m[HTTP][39m [37m<-- POST /wd/hub/session/caee0739-e393-4e82-b2a4-f6859700e364/elements [39m[32m200[39m [90m136 ms - 12[39m
[35m[HTTP][39m [90m[39m
[35m[HTTP][39m [37m-->[39m [37mPOST[39m [37m/wd/hub/session/caee0739-e393-4e82-b2a4-f6859700e364/elements[39m
[35m[HTTP][39m [90m{"using":"xpath","value":"//hierarchy/android.widget.FrameLayout[1]/android.widget.LinearLayout[1]/android.widget.FrameLayout[1]/android.widget.LinearLayout[1]/android.widget.FrameLayout[1]/androidx.drawerlayout.widget.DrawerLayout[1]/android.view.ViewGroup[1]/android.widget.LinearLayout[2]/android.widget.ScrollView[1]/android.widget.LinearLayout[1]/android.widget.LinearLayout[1]/android.widget.LinearLayout[1]/android.widget.LinearLayout[1]/android.widget.RelativeLayout[1]/android.widget.EditText[1]"}[39m
[35m[HTTP][39m [37m<-- POST /wd/hub/session/caee0739-e393-4e82-b2a4-f6859700e364/elements [39m[32m200[39m [90m158 ms - 12[39m
[35m[HTTP][39m [90m[39m
[35m[HTTP][39m [37m-->[39m [37mPOST[39m [37m/wd/hub/session/caee0739-e393-4e82-b2a4-f6859700e364/elements[39m
[35m[HTTP][39m [90m{"using":"xpath","value":"//hierarchy/android.widget.FrameLayout[1]/android.widget.LinearLayout[1]/android.widget.FrameLayout[1]/android.widget.LinearLayout[1]/android.widget.FrameLayout[1]/androidx.drawerlayout.widget.DrawerLayout[1]/android.view.ViewGroup[1]/android.widget.LinearLayout[2]/android.widget.ScrollView[1]/android.widget.LinearLayout[1]/android.widget.LinearLayout[1]/android.widget.LinearLayout[1]/android.widget.LinearLayout[1]/android.widget.RelativeLayout[1]/android.widget.EditText[1]"}[39m
[35m[HTTP][39m [37m<-- POST /wd/hub/session/caee0739-e393-4e82-b2a4-f6859700e364/elements [39m[32m200[39m [90m141 ms - 12[39m
[35m[HTTP][39m [90m[39m
[35m[HTTP][39m [37m-->[39m [37mPOST[39m [37m/wd/hub/session/caee0739-e393-4e82-b2a4-f6859700e364/elements[39m
[35m[HTTP][39m [90m{"using":"xpath","value":"//hierarchy/android.widget.FrameLayout[1]/android.widget.LinearLayout[1]/android.widget.FrameLayout[1]/android.widget.LinearLayout[1]/android.widget.FrameLayout[1]/androidx.drawerlayout.widget.DrawerLayout[1]/android.view.ViewGroup[1]/android.widget.LinearLayout[2]/android.widget.ScrollView[1]/android.widget.LinearLayout[1]/android.widget.LinearLayout[1]/android.widget.LinearLayout[1]/android.widget.LinearLayout[1]/android.widget.RelativeLayout[1]/android.widget.EditText[1]"}[39m
[35m[HTTP][39m [37m<-- POST /wd/hub/session/caee0739-e393-4e82-b2a4-f6859700e364/elements [39m[32m200[39m [90m121 ms - 12[39m
[35m[HTTP][39m [90m[39m
[35m[HTTP][39m [37m-->[39m [37mPOST[39m [37m/wd/hub/session/caee0739-e393-4e82-b2a4-f6859700e364/elements[39m
[35m[HTTP][39m [90m{"using":"xpath","value":"//hierarchy/android.widget.FrameLayout[1]/android.widget.LinearLayout[1]/android.widget.FrameLayout[1]/android.widget.LinearLayout[1]/android.widget.FrameLayout[1]/androidx.drawerlayout.widget.DrawerLayout[1]/android.view.ViewGroup[1]/android.widget.LinearLayout[2]/android.widget.ScrollView[1]/android.widget.LinearLayout[1]/android.widget.LinearLayout[1]/android.widget.LinearLayout[1]/android.widget.LinearLayout[1]/android.widget.RelativeLayout[1]/android.widget.EditText[1]"}[39m
[35m[HTTP][39m [37m<-- POST /wd/hub/session/caee0739-e393-4e82-b2a4-f6859700e364/elements [39m[32m200[39m [90m128 ms - 12[39m
[35m[HTTP][39m [90m[39m
[35m[HTTP][39m [37m-->[39m [37mPOST[39m [37m/wd/hub/session/caee0739-e393-4e82-b2a4-f6859700e364/elements[39m
[35m[HTTP][39m [90m{"using":"xpath","value":"//hierarchy/android.widget.FrameLayout[1]/android.widget.LinearLayout[1]/android.widget.FrameLayout[1]/android.widget.LinearLayout[1]/android.widget.FrameLayout[1]/androidx.drawerlayout.widget.DrawerLayout[1]/android.view.ViewGroup[1]/android.widget.LinearLayout[2]/android.widget.ScrollView[1]/android.widget.LinearLayout[1]/android.widget.LinearLayout[1]/android.widget.LinearLayout[1]/android.widget.LinearLayout[1]/android.widget.RelativeLayout[1]/android.widget.EditText[1]"}[39m
[35m[HTTP][39m [37m<-- POST /wd/hub/session/caee0739-e393-4e82-b2a4-f6859700e364/elements [39m[32m200[39m [90m167 ms - 12[39m
[35m[HTTP][39m [90m[39m
[35m[HTTP][39m [37m-->[39m [37mPOST[39m [37m/wd/hub/session/caee0739-e393-4e82-b2a4-f6859700e364/elements[39m
[35m[HTTP][39m [90m{"using":"xpath","value":"//hierarchy/android.widget.FrameLayout[1]/android.widget.LinearLayout[1]/android.widget.FrameLayout[1]/android.widget.LinearLayout[1]/android.widget.FrameLayout[1]/androidx.drawerlayout.widget.DrawerLayout[1]/android.view.ViewGroup[1]/android.widget.LinearLayout[2]/android.widget.ScrollView[1]/android.widget.LinearLayout[1]/android.widget.LinearLayout[1]/android.widget.LinearLayout[1]/android.widget.LinearLayout[1]/android.widget.RelativeLayout[1]/android.widget.EditText[1]"}[39m
[35m[HTTP][39m [37m<-- POST /wd/hub/session/caee0739-e393-4e82-b2a4-f6859700e364/elements [39m[32m200[39m [90m137 ms - 12[39m
[35m[HTTP][39m [90m[39m
[35m[HTTP][39m [37m-->[39m [37mPOST[39m [37m/wd/hub/session/caee0739-e393-4e82-b2a4-f6859700e364/elements[39m
[35m[HTTP][39m [90m{"using":"xpath","value":"//hierarchy/android.widget.FrameLayout[1]/android.widget.LinearLayout[1]/android.widget.FrameLayout[1]/android.widget.LinearLayout[1]/android.widget.FrameLayout[1]/androidx.drawerlayout.widget.DrawerLayout[1]/android.view.ViewGroup[1]/android.widget.LinearLayout[2]/android.widget.ScrollView[1]/android.widget.LinearLayout[1]/android.widget.LinearLayout[1]/android.widget.LinearLayout[1]/android.widget.LinearLayout[1]/android.widget.RelativeLayout[1]/android.widget.EditText[1]"}[39m
[35m[HTTP][39m [37m<-- POST /wd/hub/session/caee0739-e393-4e82-b2a4-f6859700e364/elements [39m[32m200[39m [90m109 ms - 12[39m
[35m[HTTP][39m [90m[39m
[35m[HTTP][39m [37m-->[39m [37mPOST[39m [37m/wd/hub/session/caee0739-e393-4e82-b2a4-f6859700e364/elements[39m
[35m[HTTP][39m [90m{"using":"xpath","value":"//hierarchy/android.widget.FrameLayout[1]/android.widget.LinearLayout[1]/android.widget.FrameLayout[1]/android.widget.LinearLayout[1]/android.widget.FrameLayout[1]/androidx.drawerlayout.widget.DrawerLayout[1]/android.view.ViewGroup[1]/android.widget.LinearLayout[2]/android.widget.ScrollView[1]/android.widget.LinearLayout[1]/android.widget.LinearLayout[1]/android.widget.LinearLayout[1]/android.widget.LinearLayout[1]/android.widget.RelativeLayout[1]/android.widget.EditText[1]"}[39m
[35m[HTTP][39m [37m<-- POST /wd/hub/session/caee0739-e393-4e82-b2a4-f6859700e364/elements [39m[32m200[39m [90m94 ms - 12[39m
[35m[HTTP][39m [90m[39m
[35m[HTTP][39m [37m-->[39m [37mPOST[39m [37m/wd/hub/session/caee0739-e393-4e82-b2a4-f6859700e364/elements[39m
[35m[HTTP][39m [90m{"using":"xpath","value":"//hierarchy/android.widget.FrameLayout[1]/android.widget.LinearLayout[1]/android.widget.FrameLayout[1]/android.widget.LinearLayout[1]/android.widget.FrameLayout[1]/androidx.drawerlayout.widget.DrawerLayout[1]/android.view.ViewGroup[1]/android.widget.LinearLayout[2]/android.widget.ScrollView[1]/android.widget.LinearLayout[1]/android.widget.LinearLayout[1]/android.widget.LinearLayout[1]/android.widget.LinearLayout[1]/android.widget.RelativeLayout[1]/android.widget.EditText[1]"}[39m
[35m[HTTP][39m [37m<-- POST /wd/hub/session/caee0739-e393-4e82-b2a4-f6859700e364/elements [39m[32m200[39m [90m117 ms - 12[39m
[35m[HTTP][39m [90m[39m
[35m[HTTP][39m [37m-->[39m [37mPOST[39m [37m/wd/hub/session/caee0739-e393-4e82-b2a4-f6859700e364/elements[39m
[35m[HTTP][39m [90m{"using":"xpath","value":"//hierarchy/android.widget.FrameLayout[1]/android.widget.LinearLayout[1]/android.widget.FrameLayout[1]/android.widget.LinearLayout[1]/android.widget.FrameLayout[1]/androidx.drawerlayout.widget.DrawerLayout[1]/android.view.ViewGroup[1]/android.widget.LinearLayout[2]/android.widget.ScrollView[1]/android.widget.LinearLayout[1]/android.widget.LinearLayout[1]/android.widget.LinearLayout[1]/android.widget.LinearLayout[1]/android.widget.RelativeLayout[1]/android.widget.EditText[1]"}[39m
[35m[HTTP][39m [37m<-- POST /wd/hub/session/caee0739-e393-4e82-b2a4-f6859700e364/elements [39m[32m200[39m [90m110 ms - 12[39m
[35m[HTTP][39m [90m[39m
[35m[HTTP][39m [37m-->[39m [37mPOST[39m [37m/wd/hub/session/caee0739-e393-4e82-b2a4-f6859700e364/elements[39m
[35m[HTTP][39m [90m{"using":"xpath","value":"//hierarchy/android.widget.FrameLayout[1]/android.widget.LinearLayout[1]/android.widget.FrameLayout[1]/android.widget.LinearLayout[1]/android.widget.FrameLayout[1]/androidx.drawerlayout.widget.DrawerLayout[1]/android.view.ViewGroup[1]/android.widget.LinearLayout[2]/android.widget.ScrollView[1]/android.widget.LinearLayout[1]/android.widget.LinearLayout[1]/android.widget.LinearLayout[1]/android.widget.LinearLayout[1]/android.widget.RelativeLayout[1]/android.widget.EditText[1]"}[39m
[35m[HTTP][39m [37m<-- POST /wd/hub/session/caee0739-e393-4e82-b2a4-f6859700e364/elements [39m[32m200[39m [90m107 ms - 12[39m
[35m[HTTP][39m [90m[39m
[35m[HTTP][39m [37m-->[39m [37mPOST[39m [37m/wd/hub/session/caee0739-e393-4e82-b2a4-f6859700e364/elements[39m
[35m[HTTP][39m [90m{"using":"xpath","value":"//hierarchy/android.widget.FrameLayout[1]/android.widget.LinearLayout[1]/android.widget.FrameLayout[1]/android.widget.LinearLayout[1]/android.widget.FrameLayout[1]/androidx.drawerlayout.widget.DrawerLayout[1]/android.view.ViewGroup[1]/android.widget.LinearLayout[2]/android.widget.ScrollView[1]/android.widget.LinearLayout[1]/android.widget.LinearLayout[1]/android.widget.LinearLayout[1]/android.widget.LinearLayout[1]/android.widget.RelativeLayout[1]/android.widget.EditText[1]"}[39m
[35m[HTTP][39m [37m<-- POST /wd/hub/session/caee0739-e393-4e82-b2a4-f6859700e364/elements [39m[32m200[39m [90m98 ms - 12[39m
[35m[HTTP][39m [90m[39m
[35m[HTTP][39m [37m-->[39m [37mPOST[39m [37m/wd/hub/session/caee0739-e393-4e82-b2a4-f6859700e364/elements[39m
[35m[HTTP][39m [90m{"using":"xpath","value":"//hierarchy/android.widget.FrameLayout[1]/android.widget.LinearLayout[1]/android.widget.FrameLayout[1]/android.widget.LinearLayout[1]/android.widget.FrameLayout[1]/androidx.drawerlayout.widget.DrawerLayout[1]/android.view.ViewGroup[1]/android.widget.LinearLayout[2]/android.widget.ScrollView[1]/android.widget.LinearLayout[1]/android.widget.LinearLayout[1]/android.widget.LinearLayout[1]/android.widget.LinearLayout[1]/android.widget.RelativeLayout[1]/android.widget.EditText[1]"}[39m
[35m[HTTP][39m [37m<-- POST /wd/hub/session/caee0739-e393-4e82-b2a4-f6859700e364/elements [39m[32m200[39m [90m122 ms - 12[39m
[35m[HTTP][39m [90m[39m
[35m[HTTP][39m [37m-->[39m [37mPOST[39m [37m/wd/hub/session/caee0739-e393-4e82-b2a4-f6859700e364/elements[39m
[35m[HTTP][39m [90m{"using":"xpath","value":"//hierarchy/android.widget.FrameLayout[1]/android.widget.LinearLayout[1]/android.widget.FrameLayout[1]/android.widget.LinearLayout[1]/android.widget.FrameLayout[1]/androidx.drawerlayout.widget.DrawerLayout[1]/android.view.ViewGroup[1]/android.widget.LinearLayout[2]/android.widget.ScrollView[1]/android.widget.LinearLayout[1]/android.widget.LinearLayout[1]/android.widget.LinearLayout[1]/android.widget.LinearLayout[1]/android.widget.RelativeLayout[1]/android.widget.EditText[1]"}[39m
[35m[HTTP][39m [37m<-- POST /wd/hub/session/caee0739-e393-4e82-b2a4-f6859700e364/elements [39m[32m200[39m [90m108 ms - 12[39m
[35m[HTTP][39m [90m[39m
[35m[HTTP][39m [37m-->[39m [37mPOST[39m [37m/wd/hub/session/caee0739-e393-4e82-b2a4-f6859700e364/elements[39m
[35m[HTTP][39m [90m{"using":"xpath","value":"//hierarchy/android.widget.FrameLayout[1]/android.widget.LinearLayout[1]/android.widget.FrameLayout[1]/android.widget.LinearLayout[1]/android.widget.FrameLayout[1]/androidx.drawerlayout.widget.DrawerLayout[1]/android.view.ViewGroup[1]/android.widget.LinearLayout[2]/android.widget.ScrollView[1]/android.widget.LinearLayout[1]/android.widget.LinearLayout[1]/android.widget.LinearLayout[1]/android.widget.LinearLayout[1]/android.widget.RelativeLayout[1]/android.widget.EditText[1]"}[39m
[35m[HTTP][39m [37m<-- POST /wd/hub/session/caee0739-e393-4e82-b2a4-f6859700e364/elements [39m[32m200[39m [90m105 ms - 12[39m
[35m[HTTP][39m [90m[39m
[35m[HTTP][39m [37m-->[39m [37mPOST[39m [37m/wd/hub/session/caee0739-e393-4e82-b2a4-f6859700e364/elements[39m
[35m[HTTP][39m [90m{"using":"xpath","value":"//hierarchy/android.widget.FrameLayout[1]/android.widget.LinearLayout[1]/android.widget.FrameLayout[1]/android.widget.LinearLayout[1]/android.widget.FrameLayout[1]/androidx.drawerlayout.widget.DrawerLayout[1]/android.view.ViewGroup[1]/android.widget.LinearLayout[2]/android.widget.ScrollView[1]/android.widget.LinearLayout[1]/android.widget.LinearLayout[1]/android.widget.LinearLayout[1]/android.widget.LinearLayout[1]/android.widget.RelativeLayout[1]/android.widget.EditText[1]"}[39m
[35m[HTTP][39m [37m<-- POST /wd/hub/session/caee0739-e393-4e82-b2a4-f6859700e364/elements [39m[32m200[39m [90m85 ms - 12[39m
[35m[HTTP][39m [90m[39m
[35m[HTTP][39m [37m-->[39m [37mPOST[39m [37m/wd/hub/session/caee0739-e393-4e82-b2a4-f6859700e364/elements[39m
[35m[HTTP][39m [90m{"using":"xpath","value":"//hierarchy/android.widget.FrameLayout[1]/android.widget.LinearLayout[1]/android.widget.FrameLayout[1]/android.widget.LinearLayout[1]/android.widget.FrameLayout[1]/androidx.drawerlayout.widget.DrawerLayout[1]/android.view.ViewGroup[1]/android.widget.LinearLayout[2]/android.widget.ScrollView[1]/android.widget.LinearLayout[1]/android.widget.LinearLayout[1]/android.widget.LinearLayout[1]/android.widget.LinearLayout[1]/android.widget.RelativeLayout[1]/android.widget.EditText[1]"}[39m
[35m[HTTP][39m [37m<-- POST /wd/hub/session/caee0739-e393-4e82-b2a4-f6859700e364/elements [39m[32m200[39m [90m92 ms - 12[39m
[35m[HTTP][39m [90m[39m
[35m[HTTP][39m [37m-->[39m [37mPOST[39m [37m/wd/hub/session/caee0739-e393-4e82-b2a4-f6859700e364/elements[39m
[35m[HTTP][39m [90m{"using":"xpath","value":"//hierarchy/android.widget.FrameLayout[1]/android.widget.LinearLayout[1]/android.widget.FrameLayout[1]/android.widget.LinearLayout[1]/android.widget.FrameLayout[1]/androidx.drawerlayout.widget.DrawerLayout[1]/android.view.ViewGroup[1]/android.widget.LinearLayout[2]/android.widget.ScrollView[1]/android.widget.LinearLayout[1]/android.widget.LinearLayout[1]/android.widget.LinearLayout[1]/android.widget.LinearLayout[1]/android.widget.RelativeLayout[1]/android.widget.EditText[1]"}[39m
[35m[HTTP][39m [37m<-- POST /wd/hub/session/caee0739-e393-4e82-b2a4-f6859700e364/elements [39m[32m200[39m [90m80 ms - 12[39m
[35m[HTTP][39m [90m[39m
[35m[HTTP][39m [37m-->[39m [37mPOST[39m [37m/wd/hub/session/caee0739-e393-4e82-b2a4-f6859700e364/timeouts[39m
[35m[HTTP][39m [90m{"implicit":30000}[39m
[35m[HTTP][39m [37m<-- POST /wd/hub/session/caee0739-e393-4e82-b2a4-f6859700e364/timeouts [39m[32m200[39m [90m3 ms - 14[39m
[35m[HTTP][39m [90m[39m
[35m[HTTP][39m [37m-->[39m [37mGET[39m [37m/wd/hub/session/caee0739-e393-4e82-b2a4-f6859700e364/context[39m
[35m[HTTP][39m [90m{}[39m
[35m[HTTP][39m [37m<-- GET /wd/hub/session/caee0739-e393-4e82-b2a4-f6859700e364/context [39m[32m200[39m [90m2 ms - 22[39m
[35m[HTTP][39m [90m[39m
[35m[HTTP][39m [37m-->[39m [37mGET[39m [37m/wd/hub/session/caee0739-e393-4e82-b2a4-f6859700e364/contexts[39m
[35m[HTTP][39m [90m{}[39m
[35m[HTTP][39m [37m<-- GET /wd/hub/session/caee0739-e393-4e82-b2a4-f6859700e364/contexts [39m[32m200[39m [90m123 ms - 24[39m
[35m[HTTP][39m [90m[39m
[35m[HTTP][39m [37m-->[39m [37mPOST[39m [37m/wd/hub/session/caee0739-e393-4e82-b2a4-f6859700e364/context[39m
[35m[HTTP][39m [90m{"name":"NATIVE_APP"}[39m
[35m[HTTP][39m [37m<-- POST /wd/hub/session/caee0739-e393-4e82-b2a4-f6859700e364/context [39m[32m200[39m [90m3 ms - 14[39m
[35m[HTTP][39m [90m[39m
[35m[HTTP][39m [37m-->[39m [37mGET[39m [37m/wd/hub/session/caee0739-e393-4e82-b2a4-f6859700e364/screenshot[39m
[35m[HTTP][39m [90m{}[39m
[35m[HTTP][39m [37m<-- GET /wd/hub/session/caee0739-e393-4e82-b2a4-f6859700e364/screenshot [39m[32m200[39m [90m780 ms - 373966[39m
[35m[HTTP][39m [90m[39m
[35m[HTTP][39m [37m-->[39m [37mPOST[39m [37m/wd/hub/session/caee0739-e393-4e82-b2a4-f6859700e364/context[39m
[35m[HTTP][39m [90m{"name":"NATIVE_APP"}[39m
[35m[HTTP][39m [37m<-- POST /wd/hub/session/caee0739-e393-4e82-b2a4-f6859700e364/context [39m[32m200[39m [90m4 ms - 14[39m
[35m[HTTP][39m [90m[39m
[35m[HTTP][39m [37m-->[39m [37mDELETE[39m [37m/wd/hub/session/caee0739-e393-4e82-b2a4-f6859700e364[39m
[35m[HTTP][39m [90m{}[39m
[35m[Appium][39m Removing session caee0739-e393-4e82-b2a4-f6859700e364 from our master session list
[35m[ADB][39m com.Advantage.aShopping was not uninstalled, because it was not present on the device
[35m[UiAutomator2][39m Restoring hidden api policy to the device default configuration
[35m[HTTP][39m [37m<-- DELETE /wd/hub/session/caee0739-e393-4e82-b2a4-f6859700e364 [39m[32m200[39m [90m1332 ms - 14[39m
[35m[HTTP][39m [90m[39m
