[35m[Appium][39m Welcome to Appium v1.22.3
[35m[Appium][39m Non-default server args:
[35m[Appium][39m   port: 56090
[35m[Appium][39m   loglevel: info
[35m[Appium][39m   tmpDir: C:\Users\CIkal\AppData\Local\Temp\\Katalon\Appium\Temp1707837334094
[35m[Appium][39m   chromedriverPort: 56091
[35m[Appium][39m Deprecated server args:
[35m[Appium][39m   [31m--chromedriver-port[39m => --default-capabilities
[35m[Appium][39m Default capabilities, which will be added to each request unless overridden by desired capabilities:
[35m[Appium][39m   chromedriverPort: 56091
[35m[Appium][39m Appium REST http interface listener started on 0.0.0.0:56090
[35m[HTTP][39m [37m-->[39m [37mGET[39m [37m/wd/hub/status[39m
[35m[HTTP][39m [90m{}[39m
[35m[HTTP][39m [37m<-- GET /wd/hub/status [39m[32m200[39m [90m5 ms - 68[39m
[35m[HTTP][39m [90m[39m
[35m[HTTP][39m [37m-->[39m [37mPOST[39m [37m/wd/hub/session[39m
[35m[HTTP][39m [90m{"desiredCapabilities":{"app":"D:\\BFLP\\Bootcamp\\Materi\\Advantage+demo+3.2.apk","noReset":false,"deviceName":"emulator-5554 (Android SDK built for x86 - Android 11)","fullReset":true,"platform":"ANDROID","newCommandTimeout":1800,"platformVersion":"11","automationName":"uiautomator2","autoGrantPermissions":true,"platformName":"Android","udid":"emulator-5554","systemPort":56089},"capabilities":{"firstMatch":[{"appium:app":"D:\\BFLP\\Bootcamp\\Materi\\Advantage+demo+3.2.apk","appium:autoGrantPermissions":true,"appium:automationName":"uiautomator2","appium:deviceName":"emulator-5554 (Android SDK built for x86 - Android 11)","appium:fullReset":true,"appium:newCommandTimeout":1800,"appium:noReset":false,"platform":"ANDROID","platformName":"android","appium:platformVersion":"11","appium:systemPort":56089,"appium:udid":"emulator-5554"}]}}[39m
[35m[BaseDriver][39m The following capabilities are not standard capabilities and should have an extension prefix:
[35m[BaseDriver][39m   platform
[35m[BaseDriver][39m   chromedriverPort
[35m[Appium][39m Appium v1.22.3 creating new AndroidUiautomator2Driver (v1.70.1) session
[35m[BaseDriver][39m The following capabilities were provided, but are not recognized by Appium:
[35m[BaseDriver][39m   platform
[35m[BaseDriver][39m Session created with session id: ee95b6bf-e66b-47df-b5e5-67e4fd27c592
[35m[BaseDriver][39m Using local app 'D:\BFLP\Bootcamp\Materi\Advantage+demo+3.2.apk'
[35m[ADB][39m Found 1 'build-tools' folders under 'C:\Users\CIkal\.katalon\tools\android_sdk' (newest first):
[35m[ADB][39m     C:/Users/CIkal/.katalon/tools/android_sdk/build-tools/29.0.3
[35m[ADB][39m Using 'adb.exe' from 'C:\Users\CIkal\.katalon\tools\android_sdk\platform-tools\adb.exe'
[35m[AndroidDriver][39m Retrieving device list
[35m[AndroidDriver][39m Using device: emulator-5554
[35m[ADB][39m Using 'adb.exe' from 'C:\Users\CIkal\.katalon\tools\android_sdk\platform-tools\adb.exe'
[35m[ADB][39m Getting device platform version
[35m[UiAutomator2][39m Relaxing hidden api policy
[35m[ADB][39m Package name: 'com.Advantage.aShopping'
[35m[ADB][39m Main activity name: 'com.Advantage.aShopping.SplashActivity'
[35m[ADB][39m Using 'apksigner.jar' from 'C:\Users\CIkal\.katalon\tools\android_sdk\build-tools\29.0.3\lib\apksigner.jar'
[35m[ADB][39m 'C:\Users\CIkal\AppData\Roaming\npm\node_modules\appium\node_modules\appium-uiautomator2-server\apks\appium-uiautomator2-server-v4.27.0.apk' is signed with the default certificate
[35m[ADB][39m 'C:\Users\CIkal\AppData\Roaming\npm\node_modules\appium\node_modules\appium-uiautomator2-server\apks\appium-uiautomator2-server-debug-androidTest.apk' is signed with the default certificate
[35m[UiAutomator2][39m Server packages are not going to be (re)installed
[35m[ADB][39m Adding packages ["io.appium.settings","io.appium.uiautomator2.server","io.appium.uiautomator2.server.test"] to Doze whitelist
[35m[ADB][39m 'D:\BFLP\Bootcamp\Materi\Advantage+demo+3.2.apk' is signed with a non-default certificate
[35m[ADB][39m com.Advantage.aShopping was not uninstalled, because it was not present on the device
[35m[ADB][39m The application at 'D:\BFLP\Bootcamp\Materi\Advantage+demo+3.2.apk' will not be cached, because the device under test has confirmed the support of streamed installs
[35m[ADB][39m The installation of 'Advantage+demo+3.2.apk' took 261ms
[35m[UiAutomator2][39m Starting UIAutomator2 server 4.27.0
[35m[UiAutomator2][39m Using UIAutomator2 server from 'C:\Users\CIkal\AppData\Roaming\npm\node_modules\appium\node_modules\appium-uiautomator2-server\apks\appium-uiautomator2-server-v4.27.0.apk' and test from 'C:\Users\CIkal\AppData\Roaming\npm\node_modules\appium\node_modules\appium-uiautomator2-server\apks\appium-uiautomator2-server-debug-androidTest.apk'
[35m[UiAutomator2][39m Waiting up to 30000ms for UiAutomator2 to be online...
[35m[WD Proxy][39m socket hang up
[35m[WD Proxy][39m socket hang up
[35m[WD Proxy][39m socket hang up
[35m[WD Proxy][39m Determined the downstream protocol as 'W3C'
[35m[AndroidDriver][39m Screen already unlocked, doing nothing
[35m[UiAutomator2][39m Starting 'com.Advantage.aShopping/com.Advantage.aShopping.SplashActivity and waiting for 'com.Advantage.aShopping/com.Advantage.aShopping.SplashActivity'
[35m[Appium][39m New AndroidUiautomator2Driver session created successfully, session ee95b6bf-e66b-47df-b5e5-67e4fd27c592 added to master session list
[35m[HTTP][39m [37m<-- POST /wd/hub/session [39m[32m200[39m [90m9235 ms - 1310[39m
[35m[HTTP][39m [90m[39m
[35m[HTTP][39m [37m-->[39m [37mGET[39m [37m/wd/hub/session/ee95b6bf-e66b-47df-b5e5-67e4fd27c592[39m
[35m[HTTP][39m [90m{}[39m
[35m[HTTP][39m [37m<-- GET /wd/hub/session/ee95b6bf-e66b-47df-b5e5-67e4fd27c592 [39m[32m200[39m [90m21 ms - 1264[39m
[35m[HTTP][39m [90m[39m
[35m[HTTP][39m [37m-->[39m [37mGET[39m [37m/wd/hub/session/ee95b6bf-e66b-47df-b5e5-67e4fd27c592[39m
[35m[HTTP][39m [90m{}[39m
[35m[HTTP][39m [37m<-- GET /wd/hub/session/ee95b6bf-e66b-47df-b5e5-67e4fd27c592 [39m[32m200[39m [90m40 ms - 1264[39m
[35m[HTTP][39m [90m[39m
[35m[HTTP][39m [37m-->[39m [37mGET[39m [37m/wd/hub/status[39m
[35m[HTTP][39m [90m{}[39m
[35m[HTTP][39m [37m<-- GET /wd/hub/status [39m[32m200[39m [90m1 ms - 68[39m
[35m[HTTP][39m [90m[39m
[35m[HTTP][39m [37m-->[39m [37mPOST[39m [37m/wd/hub/session/ee95b6bf-e66b-47df-b5e5-67e4fd27c592/timeouts[39m
[35m[HTTP][39m [90m{"implicit":30000}[39m
[35m[HTTP][39m [37m<-- POST /wd/hub/session/ee95b6bf-e66b-47df-b5e5-67e4fd27c592/timeouts [39m[32m200[39m [90m4 ms - 14[39m
[35m[HTTP][39m [90m[39m
[35m[HTTP][39m [37m-->[39m [37mGET[39m [37m/wd/hub/session/ee95b6bf-e66b-47df-b5e5-67e4fd27c592/screenshot[39m
[35m[HTTP][39m [90m{}[39m
[35m[HTTP][39m [37m<-- GET /wd/hub/session/ee95b6bf-e66b-47df-b5e5-67e4fd27c592/screenshot [39m[32m200[39m [90m2219 ms - 2862954[39m
[35m[HTTP][39m [90m[39m
[35m[HTTP][39m [37m-->[39m [37mGET[39m [37m/wd/hub/session/ee95b6bf-e66b-47df-b5e5-67e4fd27c592/window/rect[39m
[35m[HTTP][39m [90m{}[39m
[35m[HTTP][39m [37m<-- GET /wd/hub/session/ee95b6bf-e66b-47df-b5e5-67e4fd27c592/window/rect [39m[32m200[39m [90m24 ms - 50[39m
[35m[HTTP][39m [90m[39m
[35m[HTTP][39m [37m-->[39m [37mGET[39m [37m/wd/hub/session/ee95b6bf-e66b-47df-b5e5-67e4fd27c592/appium/device/system_bars[39m
[35m[HTTP][39m [90m{}[39m
[35m[HTTP][39m [37m<-- GET /wd/hub/session/ee95b6bf-e66b-47df-b5e5-67e4fd27c592/appium/device/system_bars [39m[32m200[39m [90m58 ms - 149[39m
[35m[HTTP][39m [90m[39m
[35m[HTTP][39m [37m-->[39m [37mPOST[39m [37m/wd/hub/session/ee95b6bf-e66b-47df-b5e5-67e4fd27c592/timeouts[39m
[35m[HTTP][39m [90m{"implicit":50}[39m
[35m[HTTP][39m [37m<-- POST /wd/hub/session/ee95b6bf-e66b-47df-b5e5-67e4fd27c592/timeouts [39m[32m200[39m [90m2 ms - 14[39m
[35m[HTTP][39m [90m[39m
[35m[HTTP][39m [37m-->[39m [37mGET[39m [37m/wd/hub/session/ee95b6bf-e66b-47df-b5e5-67e4fd27c592/window/rect[39m
[35m[HTTP][39m [90m{}[39m
[35m[HTTP][39m [37m<-- GET /wd/hub/session/ee95b6bf-e66b-47df-b5e5-67e4fd27c592/window/rect [39m[32m200[39m [90m15 ms - 50[39m
[35m[HTTP][39m [90m[39m
[35m[HTTP][39m [37m-->[39m [37mPOST[39m [37m/wd/hub/session/ee95b6bf-e66b-47df-b5e5-67e4fd27c592/elements[39m
[35m[HTTP][39m [90m{"using":"xpath","value":"//*[@class = 'android.widget.ImageView' and @resource-id = 'com.Advantage.aShopping:id/imageViewSearch' and (@text = '' or . = '')]"}[39m
[35m[HTTP][39m [37m<-- POST /wd/hub/session/ee95b6bf-e66b-47df-b5e5-67e4fd27c592/elements [39m[32m200[39m [90m541 ms - 139[39m
[35m[HTTP][39m [90m[39m
[35m[HTTP][39m [37m-->[39m [37mGET[39m [37m/wd/hub/session/ee95b6bf-e66b-47df-b5e5-67e4fd27c592/element/00000000-0000-0594-ffff-ffff00000021/location[39m
[35m[HTTP][39m [90m{}[39m
[35m[W3C (ee95b6bf)][39m Driver proxy active, passing request on via HTTP proxy
[35m[WD Proxy][39m Replacing sessionId aa913c75-22f0-403d-9a8c-96c56b04f54f with ee95b6bf-e66b-47df-b5e5-67e4fd27c592
[35m[HTTP][39m [37m<-- GET /wd/hub/session/ee95b6bf-e66b-47df-b5e5-67e4fd27c592/element/00000000-0000-0594-ffff-ffff00000021/location [39m[32m200[39m [90m24 ms - 78[39m
[35m[HTTP][39m [90m[39m
[35m[HTTP][39m [37m-->[39m [37mPOST[39m [37m/wd/hub/session/ee95b6bf-e66b-47df-b5e5-67e4fd27c592/timeouts[39m
[35m[HTTP][39m [90m{"implicit":30000}[39m
[35m[HTTP][39m [37m<-- POST /wd/hub/session/ee95b6bf-e66b-47df-b5e5-67e4fd27c592/timeouts [39m[32m200[39m [90m2 ms - 14[39m
[35m[HTTP][39m [90m[39m
[35m[HTTP][39m [37m-->[39m [37mPOST[39m [37m/wd/hub/session/ee95b6bf-e66b-47df-b5e5-67e4fd27c592/element/00000000-0000-0594-ffff-ffff00000021/click[39m
[35m[HTTP][39m [90m{"id":"00000000-0000-0594-ffff-ffff00000021"}[39m
[35m[HTTP][39m [37m<-- POST /wd/hub/session/ee95b6bf-e66b-47df-b5e5-67e4fd27c592/element/00000000-0000-0594-ffff-ffff00000021/click [39m[32m200[39m [90m90 ms - 14[39m
[35m[HTTP][39m [90m[39m
[35m[HTTP][39m [37m-->[39m [37mPOST[39m [37m/wd/hub/session/ee95b6bf-e66b-47df-b5e5-67e4fd27c592/timeouts[39m
[35m[HTTP][39m [90m{"implicit":50}[39m
[35m[HTTP][39m [37m<-- POST /wd/hub/session/ee95b6bf-e66b-47df-b5e5-67e4fd27c592/timeouts [39m[32m200[39m [90m2 ms - 14[39m
[35m[HTTP][39m [90m[39m
[35m[HTTP][39m [37m-->[39m [37mGET[39m [37m/wd/hub/session/ee95b6bf-e66b-47df-b5e5-67e4fd27c592/window/rect[39m
[35m[HTTP][39m [90m{}[39m
[35m[HTTP][39m [37m<-- GET /wd/hub/session/ee95b6bf-e66b-47df-b5e5-67e4fd27c592/window/rect [39m[32m200[39m [90m27 ms - 50[39m
[35m[HTTP][39m [90m[39m
[35m[HTTP][39m [37m-->[39m [37mPOST[39m [37m/wd/hub/session/ee95b6bf-e66b-47df-b5e5-67e4fd27c592/elements[39m
[35m[HTTP][39m [90m{"using":"xpath","value":"//*[@class = 'android.widget.EditText' and (@text = 'Search' or . = 'Search') and @resource-id = 'com.Advantage.aShopping:id/editTextSearch']"}[39m
[35m[HTTP][39m [37m<-- POST /wd/hub/session/ee95b6bf-e66b-47df-b5e5-67e4fd27c592/elements [39m[32m200[39m [90m1128 ms - 139[39m
[35m[HTTP][39m [90m[39m
[35m[HTTP][39m [37m-->[39m [37mGET[39m [37m/wd/hub/session/ee95b6bf-e66b-47df-b5e5-67e4fd27c592/element/00000000-0000-0594-ffff-ffff00000020/location[39m
[35m[HTTP][39m [90m{}[39m
[35m[W3C (ee95b6bf)][39m Driver proxy active, passing request on via HTTP proxy
[35m[WD Proxy][39m Replacing sessionId aa913c75-22f0-403d-9a8c-96c56b04f54f with ee95b6bf-e66b-47df-b5e5-67e4fd27c592
[35m[HTTP][39m [37m<-- GET /wd/hub/session/ee95b6bf-e66b-47df-b5e5-67e4fd27c592/element/00000000-0000-0594-ffff-ffff00000020/location [39m[32m200[39m [90m31 ms - 76[39m
[35m[HTTP][39m [90m[39m
[35m[HTTP][39m [37m-->[39m [37mPOST[39m [37m/wd/hub/session/ee95b6bf-e66b-47df-b5e5-67e4fd27c592/timeouts[39m
[35m[HTTP][39m [90m{"implicit":30000}[39m
[35m[HTTP][39m [37m<-- POST /wd/hub/session/ee95b6bf-e66b-47df-b5e5-67e4fd27c592/timeouts [39m[32m200[39m [90m3 ms - 14[39m
[35m[HTTP][39m [90m[39m
[35m[HTTP][39m [37m-->[39m [37mPOST[39m [37m/wd/hub/session/ee95b6bf-e66b-47df-b5e5-67e4fd27c592/element/00000000-0000-0594-ffff-ffff00000020/clear[39m
[35m[HTTP][39m [90m{"id":"00000000-0000-0594-ffff-ffff00000020"}[39m
[35m[HTTP][39m [37m<-- POST /wd/hub/session/ee95b6bf-e66b-47df-b5e5-67e4fd27c592/element/00000000-0000-0594-ffff-ffff00000020/clear [39m[32m200[39m [90m36 ms - 14[39m
[35m[HTTP][39m [90m[39m
[35m[HTTP][39m [37m-->[39m [37mPOST[39m [37m/wd/hub/session/ee95b6bf-e66b-47df-b5e5-67e4fd27c592/element/00000000-0000-0594-ffff-ffff00000020/value[39m
[35m[HTTP][39m [90m{"id":"00000000-0000-0594-ffff-ffff00000020","text":"BEATS","value":["B","E","A","T","S"]}[39m
[35m[HTTP][39m [37m<-- POST /wd/hub/session/ee95b6bf-e66b-47df-b5e5-67e4fd27c592/element/00000000-0000-0594-ffff-ffff00000020/value [39m[32m200[39m [90m1892 ms - 14[39m
[35m[HTTP][39m [90m[39m
[35m[HTTP][39m [37m-->[39m [37mPOST[39m [37m/wd/hub/session/ee95b6bf-e66b-47df-b5e5-67e4fd27c592/timeouts[39m
[35m[HTTP][39m [90m{"implicit":50}[39m
[35m[HTTP][39m [37m<-- POST /wd/hub/session/ee95b6bf-e66b-47df-b5e5-67e4fd27c592/timeouts [39m[32m200[39m [90m2 ms - 14[39m
[35m[HTTP][39m [90m[39m
[35m[HTTP][39m [37m-->[39m [37mGET[39m [37m/wd/hub/session/ee95b6bf-e66b-47df-b5e5-67e4fd27c592/window/rect[39m
[35m[HTTP][39m [90m{}[39m
[35m[HTTP][39m [37m<-- GET /wd/hub/session/ee95b6bf-e66b-47df-b5e5-67e4fd27c592/window/rect [39m[32m200[39m [90m49 ms - 50[39m
[35m[HTTP][39m [90m[39m
[35m[HTTP][39m [37m-->[39m [37mPOST[39m [37m/wd/hub/session/ee95b6bf-e66b-47df-b5e5-67e4fd27c592/elements[39m
[35m[HTTP][39m [90m{"using":"xpath","value":"//*[@class = 'android.widget.ImageView' and @resource-id = 'com.Advantage.aShopping:id/imageViewSearch' and (@text = '' or . = '')]"}[39m
[35m[HTTP][39m [37m<-- POST /wd/hub/session/ee95b6bf-e66b-47df-b5e5-67e4fd27c592/elements [39m[32m200[39m [90m735 ms - 139[39m
[35m[HTTP][39m [90m[39m
[35m[HTTP][39m [37m-->[39m [37mGET[39m [37m/wd/hub/session/ee95b6bf-e66b-47df-b5e5-67e4fd27c592/element/00000000-0000-0594-ffff-ffff00000021/location[39m
[35m[HTTP][39m [90m{}[39m
[35m[W3C (ee95b6bf)][39m Driver proxy active, passing request on via HTTP proxy
[35m[WD Proxy][39m Replacing sessionId aa913c75-22f0-403d-9a8c-96c56b04f54f with ee95b6bf-e66b-47df-b5e5-67e4fd27c592
[35m[HTTP][39m [37m<-- GET /wd/hub/session/ee95b6bf-e66b-47df-b5e5-67e4fd27c592/element/00000000-0000-0594-ffff-ffff00000021/location [39m[32m200[39m [90m18 ms - 78[39m
[35m[HTTP][39m [90m[39m
[35m[HTTP][39m [37m-->[39m [37mPOST[39m [37m/wd/hub/session/ee95b6bf-e66b-47df-b5e5-67e4fd27c592/timeouts[39m
[35m[HTTP][39m [90m{"implicit":30000}[39m
[35m[HTTP][39m [37m<-- POST /wd/hub/session/ee95b6bf-e66b-47df-b5e5-67e4fd27c592/timeouts [39m[32m200[39m [90m2 ms - 14[39m
[35m[HTTP][39m [90m[39m
[35m[HTTP][39m [37m-->[39m [37mPOST[39m [37m/wd/hub/session/ee95b6bf-e66b-47df-b5e5-67e4fd27c592/element/00000000-0000-0594-ffff-ffff00000021/click[39m
[35m[HTTP][39m [90m{"id":"00000000-0000-0594-ffff-ffff00000021"}[39m
[35m[HTTP][39m [37m<-- POST /wd/hub/session/ee95b6bf-e66b-47df-b5e5-67e4fd27c592/element/00000000-0000-0594-ffff-ffff00000021/click [39m[32m200[39m [90m124 ms - 14[39m
[35m[HTTP][39m [90m[39m
[35m[HTTP][39m [37m-->[39m [37mDELETE[39m [37m/wd/hub/session/ee95b6bf-e66b-47df-b5e5-67e4fd27c592[39m
[35m[HTTP][39m [90m{}[39m
[35m[Appium][39m Removing session ee95b6bf-e66b-47df-b5e5-67e4fd27c592 from our master session list
[35m[ADB][39m com.Advantage.aShopping was successfully uninstalled
[35m[UiAutomator2][39m Restoring hidden api policy to the device default configuration
[35m[HTTP][39m [37m<-- DELETE /wd/hub/session/ee95b6bf-e66b-47df-b5e5-67e4fd27c592 [39m[32m200[39m [90m2968 ms - 14[39m
[35m[HTTP][39m [90m[39m
