[35m[Appium][39m Welcome to Appium v1.22.3
[35m[Appium][39m Non-default server args:
[35m[Appium][39m   port: 52697
[35m[Appium][39m   loglevel: info
[35m[Appium][39m   tmpDir: C:\Users\CIkal\AppData\Local\Temp\\Katalon\Appium\Temp1707836096425
[35m[Appium][39m   chromedriverPort: 52698
[35m[Appium][39m Deprecated server args:
[35m[Appium][39m   [31m--chromedriver-port[39m => --default-capabilities
[35m[Appium][39m Default capabilities, which will be added to each request unless overridden by desired capabilities:
[35m[Appium][39m   chromedriverPort: 52698
[35m[Appium][39m Appium REST http interface listener started on 0.0.0.0:52697
[35m[HTTP][39m [37m-->[39m [37mGET[39m [37m/wd/hub/status[39m
[35m[HTTP][39m [90m{}[39m
[35m[HTTP][39m [37m<-- GET /wd/hub/status [39m[32m200[39m [90m7 ms - 68[39m
[35m[HTTP][39m [90m[39m
[35m[HTTP][39m [37m-->[39m [37mGET[39m [37m/wd/hub/status[39m
[35m[HTTP][39m [90m{}[39m
[35m[HTTP][39m [37m<-- GET /wd/hub/status [39m[32m200[39m [90m1 ms - 68[39m
[35m[HTTP][39m [90m[39m
[35m[HTTP][39m [37m-->[39m [37mPOST[39m [37m/wd/hub/session[39m
[35m[HTTP][39m [90m{"desiredCapabilities":{"app":"D:\\BFLP\\Bootcamp\\Materi\\Advantage+demo+3.2.apk","noReset":true,"deviceName":"emulator-5554 (Android SDK built for x86 - Android 11)","fullReset":false,"platform":"ANDROID","newCommandTimeout":1800,"platformVersion":"11","automationName":"uiautomator2","autoGrantPermissions":true,"platformName":"Android","udid":"emulator-5554","systemPort":52707},"capabilities":{"firstMatch":[{"appium:app":"D:\\BFLP\\Bootcamp\\Materi\\Advantage+demo+3.2.apk","appium:autoGrantPermissions":true,"appium:automationName":"uiautomator2","appium:deviceName":"emulator-5554 (Android SDK built for x86 - Android 11)","appium:fullReset":false,"appium:newCommandTimeout":1800,"appium:noReset":true,"platform":"ANDROID","platformName":"android","appium:platformVersion":"11","appium:systemPort":52707,"appium:udid":"emulator-5554"}]}}[39m
[35m[BaseDriver][39m The following capabilities are not standard capabilities and should have an extension prefix:
[35m[BaseDriver][39m   platform
[35m[BaseDriver][39m   chromedriverPort
[35m[Appium][39m Appium v1.22.3 creating new AndroidUiautomator2Driver (v1.70.1) session
[35m[BaseDriver][39m The following capabilities were provided, but are not recognized by Appium:
[35m[BaseDriver][39m   platform
[35m[BaseDriver][39m Session created with session id: 58411c4e-3058-4b1c-9902-69087c18bbec
[35m[BaseDriver][39m Using local app 'D:\BFLP\Bootcamp\Materi\Advantage+demo+3.2.apk'
[35m[ADB][39m Found 1 'build-tools' folders under 'C:\Users\CIkal\.katalon\tools\android_sdk' (newest first):
[35m[ADB][39m     C:/Users/CIkal/.katalon/tools/android_sdk/build-tools/29.0.3
[35m[ADB][39m Using 'adb.exe' from 'C:\Users\CIkal\.katalon\tools\android_sdk\platform-tools\adb.exe'
[35m[AndroidDriver][39m Retrieving device list
[35m[AndroidDriver][39m Using device: emulator-5554
[35m[ADB][39m Using 'adb.exe' from 'C:\Users\CIkal\.katalon\tools\android_sdk\platform-tools\adb.exe'
[35m[ADB][39m Getting device platform version
[35m[UiAutomator2][39m Relaxing hidden api policy
[35m[ADB][39m Package name: 'com.Advantage.aShopping'
[35m[ADB][39m Main activity name: 'com.Advantage.aShopping.SplashActivity'
[35m[ADB][39m Using 'apksigner.jar' from 'C:\Users\CIkal\.katalon\tools\android_sdk\build-tools\29.0.3\lib\apksigner.jar'
[35m[ADB][39m 'C:\Users\CIkal\AppData\Roaming\npm\node_modules\appium\node_modules\appium-uiautomator2-server\apks\appium-uiautomator2-server-v4.27.0.apk' is signed with the default certificate
[35m[ADB][39m 'C:\Users\CIkal\AppData\Roaming\npm\node_modules\appium\node_modules\appium-uiautomator2-server\apks\appium-uiautomator2-server-debug-androidTest.apk' is signed with the default certificate
[35m[UiAutomator2][39m Server packages are not going to be (re)installed
[35m[ADB][39m Adding packages ["io.appium.settings","io.appium.uiautomator2.server","io.appium.uiautomator2.server.test"] to Doze whitelist
[35m[ADB][39m 'D:\BFLP\Bootcamp\Materi\Advantage+demo+3.2.apk' is signed with a non-default certificate
[35m[ADB][39m The application at 'D:\BFLP\Bootcamp\Materi\Advantage+demo+3.2.apk' will not be cached, because the device under test has confirmed the support of streamed installs
[35m[ADB][39m The installation of 'Advantage+demo+3.2.apk' took 815ms
[35m[UiAutomator2][39m Starting UIAutomator2 server 4.27.0
[35m[UiAutomator2][39m Using UIAutomator2 server from 'C:\Users\CIkal\AppData\Roaming\npm\node_modules\appium\node_modules\appium-uiautomator2-server\apks\appium-uiautomator2-server-v4.27.0.apk' and test from 'C:\Users\CIkal\AppData\Roaming\npm\node_modules\appium\node_modules\appium-uiautomator2-server\apks\appium-uiautomator2-server-debug-androidTest.apk'
[35m[UiAutomator2][39m Waiting up to 30000ms for UiAutomator2 to be online...
[35m[WD Proxy][39m socket hang up
[35m[WD Proxy][39m socket hang up
[35m[WD Proxy][39m socket hang up
[35m[WD Proxy][39m Determined the downstream protocol as 'W3C'
[35m[AndroidDriver][39m Screen already unlocked, doing nothing
[35m[UiAutomator2][39m Starting 'com.Advantage.aShopping/com.Advantage.aShopping.SplashActivity and waiting for 'com.Advantage.aShopping/com.Advantage.aShopping.SplashActivity'
[35m[Appium][39m New AndroidUiautomator2Driver session created successfully, session 58411c4e-3058-4b1c-9902-69087c18bbec added to master session list
[35m[HTTP][39m [37m<-- POST /wd/hub/session [39m[32m200[39m [90m11132 ms - 1310[39m
[35m[HTTP][39m [90m[39m
[35m[HTTP][39m [37m-->[39m [37mGET[39m [37m/wd/hub/session/58411c4e-3058-4b1c-9902-69087c18bbec[39m
[35m[HTTP][39m [90m{}[39m
[35m[HTTP][39m [37m<-- GET /wd/hub/session/58411c4e-3058-4b1c-9902-69087c18bbec [39m[32m200[39m [90m13 ms - 1264[39m
[35m[HTTP][39m [90m[39m
[35m[HTTP][39m [37m-->[39m [37mGET[39m [37m/wd/hub/session/58411c4e-3058-4b1c-9902-69087c18bbec[39m
[35m[HTTP][39m [90m{}[39m
[35m[HTTP][39m [37m<-- GET /wd/hub/session/58411c4e-3058-4b1c-9902-69087c18bbec [39m[32m200[39m [90m13 ms - 1264[39m
[35m[HTTP][39m [90m[39m
[35m[HTTP][39m [37m-->[39m [37mGET[39m [37m/wd/hub/status[39m
[35m[HTTP][39m [90m{}[39m
[35m[HTTP][39m [37m<-- GET /wd/hub/status [39m[32m200[39m [90m1 ms - 68[39m
[35m[HTTP][39m [90m[39m
[35m[HTTP][39m [37m-->[39m [37mPOST[39m [37m/wd/hub/session/58411c4e-3058-4b1c-9902-69087c18bbec/timeouts[39m
[35m[HTTP][39m [90m{"implicit":60000}[39m
[35m[HTTP][39m [37m<-- POST /wd/hub/session/58411c4e-3058-4b1c-9902-69087c18bbec/timeouts [39m[32m200[39m [90m4 ms - 14[39m
[35m[HTTP][39m [90m[39m
[35m[HTTP][39m [37m-->[39m [37mGET[39m [37m/wd/hub/session/58411c4e-3058-4b1c-9902-69087c18bbec/source[39m
[35m[HTTP][39m [90m{}[39m
[35m[W3C (58411c4e)][39m Driver proxy active, passing request on via HTTP proxy
[35m[WD Proxy][39m Replacing sessionId a7e98471-c67e-4718-9c81-a929f6745a44 with 58411c4e-3058-4b1c-9902-69087c18bbec
[35m[HTTP][39m [37m<-- GET /wd/hub/session/58411c4e-3058-4b1c-9902-69087c18bbec/source [39m[32m200[39m [90m78 ms - 5518[39m
[35m[HTTP][39m [90m[39m
[35m[HTTP][39m [37m-->[39m [37mGET[39m [37m/wd/hub/session/58411c4e-3058-4b1c-9902-69087c18bbec/screenshot[39m
[35m[HTTP][39m [90m{}[39m
[35m[HTTP][39m [37m<-- GET /wd/hub/session/58411c4e-3058-4b1c-9902-69087c18bbec/screenshot [39m[32m200[39m [90m2016 ms - 2862954[39m
[35m[HTTP][39m [90m[39m
[35m[HTTP][39m [37m-->[39m [37mGET[39m [37m/wd/hub/session/58411c4e-3058-4b1c-9902-69087c18bbec/source[39m
[35m[HTTP][39m [90m{}[39m
[35m[W3C (58411c4e)][39m Driver proxy active, passing request on via HTTP proxy
[35m[WD Proxy][39m Replacing sessionId a7e98471-c67e-4718-9c81-a929f6745a44 with 58411c4e-3058-4b1c-9902-69087c18bbec
[35m[HTTP][39m [37m<-- GET /wd/hub/session/58411c4e-3058-4b1c-9902-69087c18bbec/source [39m[32m200[39m [90m96 ms - 14432[39m
[35m[HTTP][39m [90m[39m
[35m[HTTP][39m [37m-->[39m [37mGET[39m [37m/wd/hub/session/58411c4e-3058-4b1c-9902-69087c18bbec/screenshot[39m
[35m[HTTP][39m [90m{}[39m
[35m[HTTP][39m [37m<-- GET /wd/hub/session/58411c4e-3058-4b1c-9902-69087c18bbec/screenshot [39m[32m200[39m [90m267 ms - 132416[39m
[35m[HTTP][39m [90m[39m
[35m[HTTP][39m [37m-->[39m [37mPOST[39m [37m/wd/hub/session/58411c4e-3058-4b1c-9902-69087c18bbec/elements[39m
[35m[HTTP][39m [90m{"using":"xpath","value":"//*[@class = 'android.widget.Button' and (@text = 'CHECKOUT (PAY $13.99)' or . = 'CHECKOUT (PAY $13.99)') and @resource-id = 'com.Advantage.aShopping:id/buttonCheckOut']"}[39m
[35m[HTTP][39m [37m<-- POST /wd/hub/session/58411c4e-3058-4b1c-9902-69087c18bbec/elements [39m[32m200[39m [90m406 ms - 139[39m
[35m[HTTP][39m [90m[39m
