[35m[Appium][39m Welcome to Appium v1.22.3
[35m[Appium][39m Non-default server args:
[35m[Appium][39m   port: 59130
[35m[Appium][39m   loglevel: info
[35m[Appium][39m   tmpDir: C:\Users\CIkal\AppData\Local\Temp\\Katalon\Appium\Temp1707839517118
[35m[Appium][39m   chromedriverPort: 59132
[35m[Appium][39m Deprecated server args:
[35m[Appium][39m   [31m--chromedriver-port[39m => --default-capabilities
[35m[Appium][39m Default capabilities, which will be added to each request unless overridden by desired capabilities:
[35m[Appium][39m   chromedriverPort: 59132
[35m[Appium][39m Appium REST http interface listener started on 0.0.0.0:59130
[35m[HTTP][39m [37m-->[39m [37mGET[39m [37m/wd/hub/status[39m
[35m[HTTP][39m [90m{}[39m
[35m[HTTP][39m [37m<-- GET /wd/hub/status [39m[32m200[39m [90m17 ms - 68[39m
[35m[HTTP][39m [90m[39m
[35m[HTTP][39m [37m-->[39m [37mPOST[39m [37m/wd/hub/session[39m
[35m[HTTP][39m [90m{"desiredCapabilities":{"app":"D:\\BFLP\\Bootcamp\\Materi\\Advantage+demo+3.2.apk","noReset":false,"deviceName":"emulator-5554 (Android SDK built for x86 - Android 11)","fullReset":true,"platform":"ANDROID","newCommandTimeout":1800,"platformVersion":"11","automationName":"uiautomator2","autoGrantPermissions":true,"platformName":"Android","udid":"emulator-5554","systemPort":59129},"capabilities":{"firstMatch":[{"appium:app":"D:\\BFLP\\Bootcamp\\Materi\\Advantage+demo+3.2.apk","appium:autoGrantPermissions":true,"appium:automationName":"uiautomator2","appium:deviceName":"emulator-5554 (Android SDK built for x86 - Android 11)","appium:fullReset":true,"appium:newCommandTimeout":1800,"appium:noReset":false,"platform":"ANDROID","platformName":"android","appium:platformVersion":"11","appium:systemPort":59129,"appium:udid":"emulator-5554"}]}}[39m
[35m[BaseDriver][39m The following capabilities are not standard capabilities and should have an extension prefix:
[35m[BaseDriver][39m   platform
[35m[BaseDriver][39m   chromedriverPort
[35m[Appium][39m Appium v1.22.3 creating new AndroidUiautomator2Driver (v1.70.1) session
[35m[BaseDriver][39m The following capabilities were provided, but are not recognized by Appium:
[35m[BaseDriver][39m   platform
[35m[BaseDriver][39m Session created with session id: e1d8194a-811e-435a-bda3-fe1600964a75
[35m[BaseDriver][39m Using local app 'D:\BFLP\Bootcamp\Materi\Advantage+demo+3.2.apk'
[35m[ADB][39m Found 1 'build-tools' folders under 'C:\Users\CIkal\.katalon\tools\android_sdk' (newest first):
[35m[ADB][39m     C:/Users/CIkal/.katalon/tools/android_sdk/build-tools/29.0.3
[35m[ADB][39m Using 'adb.exe' from 'C:\Users\CIkal\.katalon\tools\android_sdk\platform-tools\adb.exe'
[35m[AndroidDriver][39m Retrieving device list
[35m[AndroidDriver][39m Using device: emulator-5554
[35m[ADB][39m Using 'adb.exe' from 'C:\Users\CIkal\.katalon\tools\android_sdk\platform-tools\adb.exe'
[35m[ADB][39m Getting device platform version
[35m[UiAutomator2][39m Relaxing hidden api policy
[35m[ADB][39m Package name: 'com.Advantage.aShopping'
[35m[ADB][39m Main activity name: 'com.Advantage.aShopping.SplashActivity'
[35m[ADB][39m Using 'apksigner.jar' from 'C:\Users\CIkal\.katalon\tools\android_sdk\build-tools\29.0.3\lib\apksigner.jar'
[35m[ADB][39m 'C:\Users\CIkal\AppData\Roaming\npm\node_modules\appium\node_modules\appium-uiautomator2-server\apks\appium-uiautomator2-server-v4.27.0.apk' is signed with the default certificate
[35m[ADB][39m 'C:\Users\CIkal\AppData\Roaming\npm\node_modules\appium\node_modules\appium-uiautomator2-server\apks\appium-uiautomator2-server-debug-androidTest.apk' is signed with the default certificate
[35m[UiAutomator2][39m Server packages are not going to be (re)installed
[35m[ADB][39m Adding packages ["io.appium.settings","io.appium.uiautomator2.server","io.appium.uiautomator2.server.test"] to Doze whitelist
[35m[ADB][39m 'D:\BFLP\Bootcamp\Materi\Advantage+demo+3.2.apk' is signed with a non-default certificate
[35m[ADB][39m com.Advantage.aShopping was not uninstalled, because it was not present on the device
[35m[ADB][39m The application at 'D:\BFLP\Bootcamp\Materi\Advantage+demo+3.2.apk' will not be cached, because the device under test has confirmed the support of streamed installs
[35m[ADB][39m The installation of 'Advantage+demo+3.2.apk' took 596ms
[35m[UiAutomator2][39m Starting UIAutomator2 server 4.27.0
[35m[UiAutomator2][39m Using UIAutomator2 server from 'C:\Users\CIkal\AppData\Roaming\npm\node_modules\appium\node_modules\appium-uiautomator2-server\apks\appium-uiautomator2-server-v4.27.0.apk' and test from 'C:\Users\CIkal\AppData\Roaming\npm\node_modules\appium\node_modules\appium-uiautomator2-server\apks\appium-uiautomator2-server-debug-androidTest.apk'
[35m[UiAutomator2][39m Waiting up to 30000ms for UiAutomator2 to be online...
[35m[WD Proxy][39m socket hang up
[35m[WD Proxy][39m socket hang up
[35m[WD Proxy][39m socket hang up
[35m[WD Proxy][39m socket hang up
[35m[WD Proxy][39m Determined the downstream protocol as 'W3C'
[35m[AndroidDriver][39m Screen already unlocked, doing nothing
[35m[UiAutomator2][39m Starting 'com.Advantage.aShopping/com.Advantage.aShopping.SplashActivity and waiting for 'com.Advantage.aShopping/com.Advantage.aShopping.SplashActivity'
[35m[Appium][39m New AndroidUiautomator2Driver session created successfully, session e1d8194a-811e-435a-bda3-fe1600964a75 added to master session list
[35m[HTTP][39m [37m<-- POST /wd/hub/session [39m[32m200[39m [90m21766 ms - 1310[39m
[35m[HTTP][39m [90m[39m
[35m[HTTP][39m [37m-->[39m [37mGET[39m [37m/wd/hub/session/e1d8194a-811e-435a-bda3-fe1600964a75[39m
[35m[HTTP][39m [90m{}[39m
[35m[HTTP][39m [37m<-- GET /wd/hub/session/e1d8194a-811e-435a-bda3-fe1600964a75 [39m[32m200[39m [90m37 ms - 1264[39m
[35m[HTTP][39m [90m[39m
[35m[HTTP][39m [37m-->[39m [37mGET[39m [37m/wd/hub/session/e1d8194a-811e-435a-bda3-fe1600964a75[39m
[35m[HTTP][39m [90m{}[39m
[35m[HTTP][39m [37m<-- GET /wd/hub/session/e1d8194a-811e-435a-bda3-fe1600964a75 [39m[32m200[39m [90m35 ms - 1264[39m
[35m[HTTP][39m [90m[39m
[35m[HTTP][39m [37m-->[39m [37mGET[39m [37m/wd/hub/status[39m
[35m[HTTP][39m [90m{}[39m
[35m[HTTP][39m [37m<-- GET /wd/hub/status [39m[32m200[39m [90m5 ms - 68[39m
[35m[HTTP][39m [90m[39m
[35m[HTTP][39m [37m-->[39m [37mPOST[39m [37m/wd/hub/session/e1d8194a-811e-435a-bda3-fe1600964a75/timeouts[39m
[35m[HTTP][39m [90m{"implicit":30000}[39m
[35m[HTTP][39m [37m<-- POST /wd/hub/session/e1d8194a-811e-435a-bda3-fe1600964a75/timeouts [39m[32m200[39m [90m12 ms - 14[39m
[35m[HTTP][39m [90m[39m
[35m[HTTP][39m [37m-->[39m [37mGET[39m [37m/wd/hub/session/e1d8194a-811e-435a-bda3-fe1600964a75/screenshot[39m
[35m[HTTP][39m [90m{}[39m
[35m[HTTP][39m [37m<-- GET /wd/hub/session/e1d8194a-811e-435a-bda3-fe1600964a75/screenshot [39m[32m200[39m [90m4501 ms - 2221412[39m
[35m[HTTP][39m [90m[39m
[35m[HTTP][39m [37m-->[39m [37mGET[39m [37m/wd/hub/session/e1d8194a-811e-435a-bda3-fe1600964a75/window/rect[39m
[35m[HTTP][39m [90m{}[39m
[35m[HTTP][39m [37m<-- GET /wd/hub/session/e1d8194a-811e-435a-bda3-fe1600964a75/window/rect [39m[32m200[39m [90m77 ms - 50[39m
[35m[HTTP][39m [90m[39m
[35m[HTTP][39m [37m-->[39m [37mGET[39m [37m/wd/hub/session/e1d8194a-811e-435a-bda3-fe1600964a75/appium/device/system_bars[39m
[35m[HTTP][39m [90m{}[39m
[35m[HTTP][39m [37m<-- GET /wd/hub/session/e1d8194a-811e-435a-bda3-fe1600964a75/appium/device/system_bars [39m[32m200[39m [90m160 ms - 149[39m
[35m[HTTP][39m [90m[39m
[35m[HTTP][39m [37m-->[39m [37mPOST[39m [37m/wd/hub/session/e1d8194a-811e-435a-bda3-fe1600964a75/timeouts[39m
[35m[HTTP][39m [90m{"implicit":50}[39m
[35m[HTTP][39m [37m<-- POST /wd/hub/session/e1d8194a-811e-435a-bda3-fe1600964a75/timeouts [39m[32m200[39m [90m8 ms - 14[39m
[35m[HTTP][39m [90m[39m
[35m[HTTP][39m [37m-->[39m [37mGET[39m [37m/wd/hub/session/e1d8194a-811e-435a-bda3-fe1600964a75/window/rect[39m
[35m[HTTP][39m [90m{}[39m
[35m[HTTP][39m [37m<-- GET /wd/hub/session/e1d8194a-811e-435a-bda3-fe1600964a75/window/rect [39m[32m200[39m [90m38 ms - 50[39m
[35m[HTTP][39m [90m[39m
[35m[HTTP][39m [37m-->[39m [37mPOST[39m [37m/wd/hub/session/e1d8194a-811e-435a-bda3-fe1600964a75/elements[39m
[35m[HTTP][39m [90m{"using":"xpath","value":"//*[@class = 'android.widget.ImageView' and @resource-id = 'com.Advantage.aShopping:id/imageViewMenu' and (@text = '' or . = '')]"}[39m
[35m[HTTP][39m [37m<-- POST /wd/hub/session/e1d8194a-811e-435a-bda3-fe1600964a75/elements [39m[32m200[39m [90m1865 ms - 139[39m
[35m[HTTP][39m [90m[39m
[35m[HTTP][39m [37m-->[39m [37mGET[39m [37m/wd/hub/session/e1d8194a-811e-435a-bda3-fe1600964a75/element/00000000-0000-0617-ffff-ffff00000019/location[39m
[35m[HTTP][39m [90m{}[39m
[35m[W3C (e1d8194a)][39m Driver proxy active, passing request on via HTTP proxy
[35m[WD Proxy][39m Replacing sessionId 7733619d-ed64-4dbb-99af-0b55eab9fe4b with e1d8194a-811e-435a-bda3-fe1600964a75
[35m[HTTP][39m [37m<-- GET /wd/hub/session/e1d8194a-811e-435a-bda3-fe1600964a75/element/00000000-0000-0617-ffff-ffff00000019/location [39m[32m200[39m [90m55 ms - 76[39m
[35m[HTTP][39m [90m[39m
[35m[HTTP][39m [37m-->[39m [37mPOST[39m [37m/wd/hub/session/e1d8194a-811e-435a-bda3-fe1600964a75/timeouts[39m
[35m[HTTP][39m [90m{"implicit":30000}[39m
[35m[HTTP][39m [37m<-- POST /wd/hub/session/e1d8194a-811e-435a-bda3-fe1600964a75/timeouts [39m[32m200[39m [90m3 ms - 14[39m
[35m[HTTP][39m [90m[39m
[35m[HTTP][39m [37m-->[39m [37mPOST[39m [37m/wd/hub/session/e1d8194a-811e-435a-bda3-fe1600964a75/element/00000000-0000-0617-ffff-ffff00000019/click[39m
[35m[HTTP][39m [90m{"id":"00000000-0000-0617-ffff-ffff00000019"}[39m
[35m[HTTP][39m [37m<-- POST /wd/hub/session/e1d8194a-811e-435a-bda3-fe1600964a75/element/00000000-0000-0617-ffff-ffff00000019/click [39m[32m200[39m [90m153 ms - 14[39m
[35m[HTTP][39m [90m[39m
[35m[HTTP][39m [37m-->[39m [37mPOST[39m [37m/wd/hub/session/e1d8194a-811e-435a-bda3-fe1600964a75/timeouts[39m
[35m[HTTP][39m [90m{"implicit":50}[39m
[35m[HTTP][39m [37m<-- POST /wd/hub/session/e1d8194a-811e-435a-bda3-fe1600964a75/timeouts [39m[32m200[39m [90m4 ms - 14[39m
[35m[HTTP][39m [90m[39m
[35m[HTTP][39m [37m-->[39m [37mGET[39m [37m/wd/hub/session/e1d8194a-811e-435a-bda3-fe1600964a75/window/rect[39m
[35m[HTTP][39m [90m{}[39m
[35m[HTTP][39m [37m<-- GET /wd/hub/session/e1d8194a-811e-435a-bda3-fe1600964a75/window/rect [39m[32m200[39m [90m53 ms - 50[39m
[35m[HTTP][39m [90m[39m
[35m[HTTP][39m [37m-->[39m [37mPOST[39m [37m/wd/hub/session/e1d8194a-811e-435a-bda3-fe1600964a75/elements[39m
[35m[HTTP][39m [90m{"using":"xpath","value":"//*[@class = 'android.widget.LinearLayout' and @resource-id = 'com.Advantage.aShopping:id/linearLayoutLogin' and (@text = '' or . = '')]"}[39m
[35m[HTTP][39m [37m<-- POST /wd/hub/session/e1d8194a-811e-435a-bda3-fe1600964a75/elements [39m[32m200[39m [90m1088 ms - 139[39m
[35m[HTTP][39m [90m[39m
[35m[HTTP][39m [37m-->[39m [37mGET[39m [37m/wd/hub/session/e1d8194a-811e-435a-bda3-fe1600964a75/element/00000000-0000-0617-ffff-ffff0000003b/location[39m
[35m[HTTP][39m [90m{}[39m
[35m[W3C (e1d8194a)][39m Driver proxy active, passing request on via HTTP proxy
[35m[WD Proxy][39m Replacing sessionId 7733619d-ed64-4dbb-99af-0b55eab9fe4b with e1d8194a-811e-435a-bda3-fe1600964a75
[35m[HTTP][39m [37m<-- GET /wd/hub/session/e1d8194a-811e-435a-bda3-fe1600964a75/element/00000000-0000-0617-ffff-ffff0000003b/location [39m[32m200[39m [90m49 ms - 76[39m
[35m[HTTP][39m [90m[39m
[35m[HTTP][39m [37m-->[39m [37mPOST[39m [37m/wd/hub/session/e1d8194a-811e-435a-bda3-fe1600964a75/timeouts[39m
[35m[HTTP][39m [90m{"implicit":30000}[39m
[35m[HTTP][39m [37m<-- POST /wd/hub/session/e1d8194a-811e-435a-bda3-fe1600964a75/timeouts [39m[32m200[39m [90m3 ms - 14[39m
[35m[HTTP][39m [90m[39m
[35m[HTTP][39m [37m-->[39m [37mPOST[39m [37m/wd/hub/session/e1d8194a-811e-435a-bda3-fe1600964a75/element/00000000-0000-0617-ffff-ffff0000003b/click[39m
[35m[HTTP][39m [90m{"id":"00000000-0000-0617-ffff-ffff0000003b"}[39m
[35m[HTTP][39m [37m<-- POST /wd/hub/session/e1d8194a-811e-435a-bda3-fe1600964a75/element/00000000-0000-0617-ffff-ffff0000003b/click [39m[32m200[39m [90m182 ms - 14[39m
[35m[HTTP][39m [90m[39m
[35m[HTTP][39m [37m-->[39m [37mPOST[39m [37m/wd/hub/session/e1d8194a-811e-435a-bda3-fe1600964a75/timeouts[39m
[35m[HTTP][39m [90m{"implicit":50}[39m
[35m[HTTP][39m [37m<-- POST /wd/hub/session/e1d8194a-811e-435a-bda3-fe1600964a75/timeouts [39m[32m200[39m [90m4 ms - 14[39m
[35m[HTTP][39m [90m[39m
[35m[HTTP][39m [37m-->[39m [37mGET[39m [37m/wd/hub/session/e1d8194a-811e-435a-bda3-fe1600964a75/window/rect[39m
[35m[HTTP][39m [90m{}[39m
[35m[HTTP][39m [37m<-- GET /wd/hub/session/e1d8194a-811e-435a-bda3-fe1600964a75/window/rect [39m[32m200[39m [90m74 ms - 50[39m
[35m[HTTP][39m [90m[39m
[35m[HTTP][39m [37m-->[39m [37mPOST[39m [37m/wd/hub/session/e1d8194a-811e-435a-bda3-fe1600964a75/elements[39m
[35m[HTTP][39m [90m{"using":"xpath","value":"//*[@class = 'android.widget.RelativeLayout' and @resource-id = 'com.Advantage.aShopping:id/AosEditTextLoginUserName' and (@text = '' or . = '')]"}[39m
[35m[HTTP][39m [37m<-- POST /wd/hub/session/e1d8194a-811e-435a-bda3-fe1600964a75/elements [39m[32m200[39m [90m2371 ms - 12[39m
[35m[HTTP][39m [90m[39m
[35m[HTTP][39m [37m-->[39m [37mPOST[39m [37m/wd/hub/session/e1d8194a-811e-435a-bda3-fe1600964a75/elements[39m
[35m[HTTP][39m [90m{"using":"xpath","value":"//*[@class = 'android.widget.RelativeLayout' and @resource-id = 'com.Advantage.aShopping:id/AosEditTextLoginUserName' and (@text = '' or . = '')]"}[39m
[35m[HTTP][39m [37m<-- POST /wd/hub/session/e1d8194a-811e-435a-bda3-fe1600964a75/elements [39m[32m200[39m [90m293 ms - 139[39m
[35m[HTTP][39m [90m[39m
[35m[HTTP][39m [37m-->[39m [37mGET[39m [37m/wd/hub/session/e1d8194a-811e-435a-bda3-fe1600964a75/element/00000000-0000-0618-ffff-ffff00000073/location[39m
[35m[HTTP][39m [90m{}[39m
[35m[W3C (e1d8194a)][39m Driver proxy active, passing request on via HTTP proxy
[35m[WD Proxy][39m Replacing sessionId 7733619d-ed64-4dbb-99af-0b55eab9fe4b with e1d8194a-811e-435a-bda3-fe1600964a75
[35m[HTTP][39m [37m<-- GET /wd/hub/session/e1d8194a-811e-435a-bda3-fe1600964a75/element/00000000-0000-0618-ffff-ffff00000073/location [39m[32m200[39m [90m46 ms - 77[39m
[35m[HTTP][39m [90m[39m
[35m[HTTP][39m [37m-->[39m [37mPOST[39m [37m/wd/hub/session/e1d8194a-811e-435a-bda3-fe1600964a75/timeouts[39m
[35m[HTTP][39m [90m{"implicit":30000}[39m
[35m[HTTP][39m [37m<-- POST /wd/hub/session/e1d8194a-811e-435a-bda3-fe1600964a75/timeouts [39m[32m200[39m [90m3 ms - 14[39m
[35m[HTTP][39m [90m[39m
[35m[HTTP][39m [37m-->[39m [37mPOST[39m [37m/wd/hub/session/e1d8194a-811e-435a-bda3-fe1600964a75/element/00000000-0000-0618-ffff-ffff00000073/click[39m
[35m[HTTP][39m [90m{"id":"00000000-0000-0618-ffff-ffff00000073"}[39m
[35m[HTTP][39m [37m<-- POST /wd/hub/session/e1d8194a-811e-435a-bda3-fe1600964a75/element/00000000-0000-0618-ffff-ffff00000073/click [39m[32m200[39m [90m667 ms - 14[39m
[35m[HTTP][39m [90m[39m
[35m[HTTP][39m [37m-->[39m [37mPOST[39m [37m/wd/hub/session/e1d8194a-811e-435a-bda3-fe1600964a75/timeouts[39m
[35m[HTTP][39m [90m{"implicit":50}[39m
[35m[HTTP][39m [37m<-- POST /wd/hub/session/e1d8194a-811e-435a-bda3-fe1600964a75/timeouts [39m[32m200[39m [90m4 ms - 14[39m
[35m[HTTP][39m [90m[39m
[35m[HTTP][39m [37m-->[39m [37mGET[39m [37m/wd/hub/session/e1d8194a-811e-435a-bda3-fe1600964a75/window/rect[39m
[35m[HTTP][39m [90m{}[39m
[35m[HTTP][39m [37m<-- GET /wd/hub/session/e1d8194a-811e-435a-bda3-fe1600964a75/window/rect [39m[32m200[39m [90m193 ms - 50[39m
[35m[HTTP][39m [90m[39m
[35m[HTTP][39m [37m-->[39m [37mPOST[39m [37m/wd/hub/session/e1d8194a-811e-435a-bda3-fe1600964a75/elements[39m
[35m[HTTP][39m [90m{"using":"xpath","value":"//hierarchy/android.widget.FrameLayout[1]/android.widget.LinearLayout[1]/android.widget.FrameLayout[1]/android.widget.LinearLayout[1]/android.widget.FrameLayout[1]/android.widget.RelativeLayout[1]/android.widget.LinearLayout[2]/android.widget.RelativeLayout[3]/android.widget.EditText[1]"}[39m
[35m[HTTP][39m [37m<-- POST /wd/hub/session/e1d8194a-811e-435a-bda3-fe1600964a75/elements [39m[32m200[39m [90m2049 ms - 139[39m
[35m[HTTP][39m [90m[39m
[35m[HTTP][39m [37m-->[39m [37mGET[39m [37m/wd/hub/session/e1d8194a-811e-435a-bda3-fe1600964a75/element/00000000-0000-0618-ffff-ffff00000075/location[39m
[35m[HTTP][39m [90m{}[39m
[35m[W3C (e1d8194a)][39m Driver proxy active, passing request on via HTTP proxy
[35m[WD Proxy][39m Replacing sessionId 7733619d-ed64-4dbb-99af-0b55eab9fe4b with e1d8194a-811e-435a-bda3-fe1600964a75
[35m[HTTP][39m [37m<-- GET /wd/hub/session/e1d8194a-811e-435a-bda3-fe1600964a75/element/00000000-0000-0618-ffff-ffff00000075/location [39m[32m200[39m [90m82 ms - 77[39m
[35m[HTTP][39m [90m[39m
[35m[HTTP][39m [37m-->[39m [37mPOST[39m [37m/wd/hub/session/e1d8194a-811e-435a-bda3-fe1600964a75/timeouts[39m
[35m[HTTP][39m [90m{"implicit":30000}[39m
[35m[HTTP][39m [37m<-- POST /wd/hub/session/e1d8194a-811e-435a-bda3-fe1600964a75/timeouts [39m[32m200[39m [90m4 ms - 14[39m
[35m[HTTP][39m [90m[39m
[35m[HTTP][39m [37m-->[39m [37mPOST[39m [37m/wd/hub/session/e1d8194a-811e-435a-bda3-fe1600964a75/element/00000000-0000-0618-ffff-ffff00000075/clear[39m
[35m[HTTP][39m [90m{"id":"00000000-0000-0618-ffff-ffff00000075"}[39m
[35m[HTTP][39m [37m<-- POST /wd/hub/session/e1d8194a-811e-435a-bda3-fe1600964a75/element/00000000-0000-0618-ffff-ffff00000075/clear [39m[32m200[39m [90m124 ms - 14[39m
[35m[HTTP][39m [90m[39m
[35m[HTTP][39m [37m-->[39m [37mPOST[39m [37m/wd/hub/session/e1d8194a-811e-435a-bda3-fe1600964a75/element/00000000-0000-0618-ffff-ffff00000075/value[39m
[35m[HTTP][39m [90m{"id":"00000000-0000-0618-ffff-ffff00000075","text":"AquaBotol1","value":["A","q","u","a","B","o","t","o","l","1"]}[39m
[35m[HTTP][39m [37m<-- POST /wd/hub/session/e1d8194a-811e-435a-bda3-fe1600964a75/element/00000000-0000-0618-ffff-ffff00000075/value [39m[32m200[39m [90m1167 ms - 14[39m
[35m[HTTP][39m [90m[39m
[35m[HTTP][39m [37m-->[39m [37mPOST[39m [37m/wd/hub/session/e1d8194a-811e-435a-bda3-fe1600964a75/timeouts[39m
[35m[HTTP][39m [90m{"implicit":50}[39m
[35m[HTTP][39m [37m<-- POST /wd/hub/session/e1d8194a-811e-435a-bda3-fe1600964a75/timeouts [39m[32m200[39m [90m4 ms - 14[39m
[35m[HTTP][39m [90m[39m
[35m[HTTP][39m [37m-->[39m [37mGET[39m [37m/wd/hub/session/e1d8194a-811e-435a-bda3-fe1600964a75/window/rect[39m
[35m[HTTP][39m [90m{}[39m
[35m[HTTP][39m [37m<-- GET /wd/hub/session/e1d8194a-811e-435a-bda3-fe1600964a75/window/rect [39m[32m200[39m [90m175 ms - 50[39m
[35m[HTTP][39m [90m[39m
[35m[HTTP][39m [37m-->[39m [37mPOST[39m [37m/wd/hub/session/e1d8194a-811e-435a-bda3-fe1600964a75/elements[39m
[35m[HTTP][39m [90m{"using":"xpath","value":"//*[@class = 'android.widget.RelativeLayout' and @resource-id = 'com.Advantage.aShopping:id/AosEditTextLoginPassword' and (@text = '' or . = '')]"}[39m
[35m[HTTP][39m [37m<-- POST /wd/hub/session/e1d8194a-811e-435a-bda3-fe1600964a75/elements [39m[32m200[39m [90m805 ms - 139[39m
[35m[HTTP][39m [90m[39m
[35m[HTTP][39m [37m-->[39m [37mGET[39m [37m/wd/hub/session/e1d8194a-811e-435a-bda3-fe1600964a75/element/00000000-0000-0618-ffff-ffff00000077/location[39m
[35m[HTTP][39m [90m{}[39m
[35m[W3C (e1d8194a)][39m Driver proxy active, passing request on via HTTP proxy
[35m[WD Proxy][39m Replacing sessionId 7733619d-ed64-4dbb-99af-0b55eab9fe4b with e1d8194a-811e-435a-bda3-fe1600964a75
[35m[HTTP][39m [37m<-- GET /wd/hub/session/e1d8194a-811e-435a-bda3-fe1600964a75/element/00000000-0000-0618-ffff-ffff00000077/location [39m[32m200[39m [90m54 ms - 77[39m
[35m[HTTP][39m [90m[39m
[35m[HTTP][39m [37m-->[39m [37mPOST[39m [37m/wd/hub/session/e1d8194a-811e-435a-bda3-fe1600964a75/timeouts[39m
[35m[HTTP][39m [90m{"implicit":30000}[39m
[35m[HTTP][39m [37m<-- POST /wd/hub/session/e1d8194a-811e-435a-bda3-fe1600964a75/timeouts [39m[32m200[39m [90m4 ms - 14[39m
[35m[HTTP][39m [90m[39m
[35m[HTTP][39m [37m-->[39m [37mPOST[39m [37m/wd/hub/session/e1d8194a-811e-435a-bda3-fe1600964a75/element/00000000-0000-0618-ffff-ffff00000077/click[39m
[35m[HTTP][39m [90m{"id":"00000000-0000-0618-ffff-ffff00000077"}[39m
[35m[HTTP][39m [37m<-- POST /wd/hub/session/e1d8194a-811e-435a-bda3-fe1600964a75/element/00000000-0000-0618-ffff-ffff00000077/click [39m[32m200[39m [90m242 ms - 14[39m
[35m[HTTP][39m [90m[39m
[35m[HTTP][39m [37m-->[39m [37mPOST[39m [37m/wd/hub/session/e1d8194a-811e-435a-bda3-fe1600964a75/timeouts[39m
[35m[HTTP][39m [90m{"implicit":50}[39m
[35m[HTTP][39m [37m<-- POST /wd/hub/session/e1d8194a-811e-435a-bda3-fe1600964a75/timeouts [39m[32m200[39m [90m4 ms - 14[39m
[35m[HTTP][39m [90m[39m
[35m[HTTP][39m [37m-->[39m [37mGET[39m [37m/wd/hub/session/e1d8194a-811e-435a-bda3-fe1600964a75/window/rect[39m
[35m[HTTP][39m [90m{}[39m
[35m[HTTP][39m [37m<-- GET /wd/hub/session/e1d8194a-811e-435a-bda3-fe1600964a75/window/rect [39m[32m200[39m [90m94 ms - 50[39m
[35m[HTTP][39m [90m[39m
[35m[HTTP][39m [37m-->[39m [37mPOST[39m [37m/wd/hub/session/e1d8194a-811e-435a-bda3-fe1600964a75/elements[39m
[35m[HTTP][39m [90m{"using":"xpath","value":"//hierarchy/android.widget.FrameLayout[1]/android.widget.LinearLayout[1]/android.widget.FrameLayout[1]/android.widget.LinearLayout[1]/android.widget.FrameLayout[1]/android.widget.RelativeLayout[1]/android.widget.LinearLayout[2]/android.widget.RelativeLayout[4]/android.widget.EditText[1]"}[39m
[35m[HTTP][39m [37m<-- POST /wd/hub/session/e1d8194a-811e-435a-bda3-fe1600964a75/elements [39m[32m200[39m [90m738 ms - 139[39m
[35m[HTTP][39m [90m[39m
[35m[HTTP][39m [37m-->[39m [37mGET[39m [37m/wd/hub/session/e1d8194a-811e-435a-bda3-fe1600964a75/element/00000000-0000-0618-ffff-ffff00000079/location[39m
[35m[HTTP][39m [90m{}[39m
[35m[W3C (e1d8194a)][39m Driver proxy active, passing request on via HTTP proxy
[35m[WD Proxy][39m Replacing sessionId 7733619d-ed64-4dbb-99af-0b55eab9fe4b with e1d8194a-811e-435a-bda3-fe1600964a75
[35m[HTTP][39m [37m<-- GET /wd/hub/session/e1d8194a-811e-435a-bda3-fe1600964a75/element/00000000-0000-0618-ffff-ffff00000079/location [39m[32m200[39m [90m454 ms - 77[39m
[35m[HTTP][39m [90m[39m
[35m[HTTP][39m [37m-->[39m [37mPOST[39m [37m/wd/hub/session/e1d8194a-811e-435a-bda3-fe1600964a75/timeouts[39m
[35m[HTTP][39m [90m{"implicit":30000}[39m
[35m[HTTP][39m [37m<-- POST /wd/hub/session/e1d8194a-811e-435a-bda3-fe1600964a75/timeouts [39m[32m200[39m [90m3 ms - 14[39m
[35m[HTTP][39m [90m[39m
[35m[HTTP][39m [37m-->[39m [37mPOST[39m [37m/wd/hub/session/e1d8194a-811e-435a-bda3-fe1600964a75/element/00000000-0000-0618-ffff-ffff00000079/clear[39m
[35m[HTTP][39m [90m{"id":"00000000-0000-0618-ffff-ffff00000079"}[39m
[35m[HTTP][39m [37m<-- POST /wd/hub/session/e1d8194a-811e-435a-bda3-fe1600964a75/element/00000000-0000-0618-ffff-ffff00000079/clear [39m[32m200[39m [90m144 ms - 14[39m
[35m[HTTP][39m [90m[39m
[35m[HTTP][39m [37m-->[39m [37mPOST[39m [37m/wd/hub/session/e1d8194a-811e-435a-bda3-fe1600964a75/element/00000000-0000-0618-ffff-ffff00000079/value[39m
[35m[HTTP][39m [90m{"id":"00000000-0000-0618-ffff-ffff00000079","text":"AquaBotol1","value":["A","q","u","a","B","o","t","o","l","1"]}[39m
[35m[HTTP][39m [37m<-- POST /wd/hub/session/e1d8194a-811e-435a-bda3-fe1600964a75/element/00000000-0000-0618-ffff-ffff00000079/value [39m[32m200[39m [90m692 ms - 14[39m
[35m[HTTP][39m [90m[39m
[35m[HTTP][39m [37m-->[39m [37mPOST[39m [37m/wd/hub/session/e1d8194a-811e-435a-bda3-fe1600964a75/timeouts[39m
[35m[HTTP][39m [90m{"implicit":50}[39m
[35m[HTTP][39m [37m<-- POST /wd/hub/session/e1d8194a-811e-435a-bda3-fe1600964a75/timeouts [39m[32m200[39m [90m3 ms - 14[39m
[35m[HTTP][39m [90m[39m
[35m[HTTP][39m [37m-->[39m [37mGET[39m [37m/wd/hub/session/e1d8194a-811e-435a-bda3-fe1600964a75/window/rect[39m
[35m[HTTP][39m [90m{}[39m
[35m[HTTP][39m [37m<-- GET /wd/hub/session/e1d8194a-811e-435a-bda3-fe1600964a75/window/rect [39m[32m200[39m [90m20 ms - 50[39m
[35m[HTTP][39m [90m[39m
[35m[HTTP][39m [37m-->[39m [37mPOST[39m [37m/wd/hub/session/e1d8194a-811e-435a-bda3-fe1600964a75/elements[39m
[35m[HTTP][39m [90m{"using":"xpath","value":"//*[@class = 'android.widget.Button' and (@text = 'LOGIN' or . = 'LOGIN') and @resource-id = 'com.Advantage.aShopping:id/buttonLogin']"}[39m
[35m[HTTP][39m [37m<-- POST /wd/hub/session/e1d8194a-811e-435a-bda3-fe1600964a75/elements [39m[32m200[39m [90m635 ms - 139[39m
[35m[HTTP][39m [90m[39m
[35m[HTTP][39m [37m-->[39m [37mGET[39m [37m/wd/hub/session/e1d8194a-811e-435a-bda3-fe1600964a75/element/00000000-0000-0618-ffff-ffff0000007f/location[39m
[35m[HTTP][39m [90m{}[39m
[35m[W3C (e1d8194a)][39m Driver proxy active, passing request on via HTTP proxy
[35m[WD Proxy][39m Replacing sessionId 7733619d-ed64-4dbb-99af-0b55eab9fe4b with e1d8194a-811e-435a-bda3-fe1600964a75
[35m[HTTP][39m [37m<-- GET /wd/hub/session/e1d8194a-811e-435a-bda3-fe1600964a75/element/00000000-0000-0618-ffff-ffff0000007f/location [39m[32m200[39m [90m47 ms - 78[39m
[35m[HTTP][39m [90m[39m
[35m[HTTP][39m [37m-->[39m [37mPOST[39m [37m/wd/hub/session/e1d8194a-811e-435a-bda3-fe1600964a75/timeouts[39m
[35m[HTTP][39m [90m{"implicit":30000}[39m
[35m[HTTP][39m [37m<-- POST /wd/hub/session/e1d8194a-811e-435a-bda3-fe1600964a75/timeouts [39m[32m200[39m [90m4 ms - 14[39m
[35m[HTTP][39m [90m[39m
[35m[HTTP][39m [37m-->[39m [37mPOST[39m [37m/wd/hub/session/e1d8194a-811e-435a-bda3-fe1600964a75/element/00000000-0000-0618-ffff-ffff0000007f/click[39m
[35m[HTTP][39m [90m{"id":"00000000-0000-0618-ffff-ffff0000007f"}[39m
[35m[HTTP][39m [37m<-- POST /wd/hub/session/e1d8194a-811e-435a-bda3-fe1600964a75/element/00000000-0000-0618-ffff-ffff0000007f/click [39m[32m200[39m [90m154 ms - 14[39m
[35m[HTTP][39m [90m[39m
[35m[HTTP][39m [37m-->[39m [37mPOST[39m [37m/wd/hub/session/e1d8194a-811e-435a-bda3-fe1600964a75/timeouts[39m
[35m[HTTP][39m [90m{"implicit":50}[39m
[35m[HTTP][39m [37m<-- POST /wd/hub/session/e1d8194a-811e-435a-bda3-fe1600964a75/timeouts [39m[32m200[39m [90m3 ms - 14[39m
[35m[HTTP][39m [90m[39m
[35m[HTTP][39m [37m-->[39m [37mGET[39m [37m/wd/hub/session/e1d8194a-811e-435a-bda3-fe1600964a75/window/rect[39m
[35m[HTTP][39m [90m{}[39m
[35m[HTTP][39m [37m<-- GET /wd/hub/session/e1d8194a-811e-435a-bda3-fe1600964a75/window/rect [39m[32m200[39m [90m106 ms - 50[39m
[35m[HTTP][39m [90m[39m
[35m[HTTP][39m [37m-->[39m [37mPOST[39m [37m/wd/hub/session/e1d8194a-811e-435a-bda3-fe1600964a75/elements[39m
[35m[HTTP][39m [90m{"using":"xpath","value":"//*[@class = 'android.widget.ImageView' and @resource-id = 'com.Advantage.aShopping:id/imageViewMenu' and (@text = '' or . = '')]"}[39m
[35m[HTTP][39m [37m<-- POST /wd/hub/session/e1d8194a-811e-435a-bda3-fe1600964a75/elements [39m[32m200[39m [90m1468 ms - 12[39m
[35m[HTTP][39m [90m[39m
[35m[HTTP][39m [37m-->[39m [37mPOST[39m [37m/wd/hub/session/e1d8194a-811e-435a-bda3-fe1600964a75/elements[39m
[35m[HTTP][39m [90m{"using":"xpath","value":"//*[@class = 'android.widget.ImageView' and @resource-id = 'com.Advantage.aShopping:id/imageViewMenu' and (@text = '' or . = '')]"}[39m
[35m[HTTP][39m [37m<-- POST /wd/hub/session/e1d8194a-811e-435a-bda3-fe1600964a75/elements [39m[32m200[39m [90m412 ms - 12[39m
[35m[HTTP][39m [90m[39m
[35m[HTTP][39m [37m-->[39m [37mPOST[39m [37m/wd/hub/session/e1d8194a-811e-435a-bda3-fe1600964a75/elements[39m
[35m[HTTP][39m [90m{"using":"xpath","value":"//*[@class = 'android.widget.ImageView' and @resource-id = 'com.Advantage.aShopping:id/imageViewMenu' and (@text = '' or . = '')]"}[39m
[35m[HTTP][39m [37m<-- POST /wd/hub/session/e1d8194a-811e-435a-bda3-fe1600964a75/elements [39m[32m200[39m [90m635 ms - 12[39m
[35m[HTTP][39m [90m[39m
[35m[HTTP][39m [37m-->[39m [37mPOST[39m [37m/wd/hub/session/e1d8194a-811e-435a-bda3-fe1600964a75/elements[39m
[35m[HTTP][39m [90m{"using":"xpath","value":"//*[@class = 'android.widget.ImageView' and @resource-id = 'com.Advantage.aShopping:id/imageViewMenu' and (@text = '' or . = '')]"}[39m
[35m[HTTP][39m [37m<-- POST /wd/hub/session/e1d8194a-811e-435a-bda3-fe1600964a75/elements [39m[32m200[39m [90m576 ms - 12[39m
[35m[HTTP][39m [90m[39m
[35m[HTTP][39m [37m-->[39m [37mPOST[39m [37m/wd/hub/session/e1d8194a-811e-435a-bda3-fe1600964a75/elements[39m
[35m[HTTP][39m [90m{"using":"xpath","value":"//*[@class = 'android.widget.ImageView' and @resource-id = 'com.Advantage.aShopping:id/imageViewMenu' and (@text = '' or . = '')]"}[39m
[35m[HTTP][39m [37m<-- POST /wd/hub/session/e1d8194a-811e-435a-bda3-fe1600964a75/elements [39m[32m200[39m [90m390 ms - 12[39m
[35m[HTTP][39m [90m[39m
[35m[HTTP][39m [37m-->[39m [37mPOST[39m [37m/wd/hub/session/e1d8194a-811e-435a-bda3-fe1600964a75/elements[39m
[35m[HTTP][39m [90m{"using":"xpath","value":"//*[@class = 'android.widget.ImageView' and @resource-id = 'com.Advantage.aShopping:id/imageViewMenu' and (@text = '' or . = '')]"}[39m
[35m[HTTP][39m [37m<-- POST /wd/hub/session/e1d8194a-811e-435a-bda3-fe1600964a75/elements [39m[32m200[39m [90m776 ms - 12[39m
[35m[HTTP][39m [90m[39m
[35m[HTTP][39m [37m-->[39m [37mPOST[39m [37m/wd/hub/session/e1d8194a-811e-435a-bda3-fe1600964a75/elements[39m
[35m[HTTP][39m [90m{"using":"xpath","value":"//*[@class = 'android.widget.ImageView' and @resource-id = 'com.Advantage.aShopping:id/imageViewMenu' and (@text = '' or . = '')]"}[39m
[35m[HTTP][39m [37m<-- POST /wd/hub/session/e1d8194a-811e-435a-bda3-fe1600964a75/elements [39m[32m-[39m [90m- ms - -[39m
[35m[HTTP][39m [90m[39m
